QMP IS INITIALIZED
Declared QMP Topology: 1 1 1 1
Launching TestCase
TIMING IN DOUBLE PRECISION 
VECLEN=8 SOALEN=8
Global Lattice Size =  32 32 32 64
Local Lattice Size =  32 32 32 64
Block Sizes: By= 4 Bz=4
Cores = 60
SMT Grid: Sy=1 Sz=4
Pad Factors: PadXY=1 PadXYZ=0
Threads_per_core = 4
Initializing Dslash
Setting Up Blockinfo array: num_phases=2
Phase info set up
Precomputing offsets
WILL Use 12 compression
Initializing Fake Gauge Field:  12.5396 sec
Filling Input spinor:  3.16597 sec
Zeroing output spinor:  0.00628495 sec
Allocating Clover Term
Done
Filling Clover Term with junk
Done
Starting Timings
Timing on cb=0 isign=1
=============================
	 5 iterations in 8.243608e-02 seconds
	 1.648722e+04 usec/iteration
	 Performance: 116.005 GFLOPS total
	              116.005 GFLOPS / node
	 5 iterations in 7.959199e-02 seconds
	 1.591840e+04 usec/iteration
	 Performance: 120.15 GFLOPS total
	              120.15 GFLOPS / node
	 5 iterations in 7.961178e-02 seconds
	 1.592236e+04 usec/iteration
	 Performance: 120.121 GFLOPS total
	              120.121 GFLOPS / node
Timing on cb=1 isign=1
=============================
	 5 iterations in 7.949710e-02 seconds
	 1.589942e+04 usec/iteration
	 Performance: 120.294 GFLOPS total
	              120.294 GFLOPS / node
	 5 iterations in 7.938099e-02 seconds
	 1.587620e+04 usec/iteration
	 Performance: 120.47 GFLOPS total
	              120.47 GFLOPS / node
	 5 iterations in 7.967401e-02 seconds
	 1.593480e+04 usec/iteration
	 Performance: 120.027 GFLOPS total
	              120.027 GFLOPS / node
Timing on cb=0 isign=-1
=============================
	 5 iterations in 8.330894e-02 seconds
	 1.666179e+04 usec/iteration
	 Performance: 114.79 GFLOPS total
	              114.79 GFLOPS / node
	 5 iterations in 7.929516e-02 seconds
	 1.585903e+04 usec/iteration
	 Performance: 120.6 GFLOPS total
	              120.6 GFLOPS / node
	 5 iterations in 7.950211e-02 seconds
	 1.590042e+04 usec/iteration
	 Performance: 120.286 GFLOPS total
	              120.286 GFLOPS / node
Timing on cb=1 isign=-1
=============================
	 5 iterations in 7.948303e-02 seconds
	 1.589661e+04 usec/iteration
	 Performance: 120.315 GFLOPS total
	              120.315 GFLOPS / node
	 5 iterations in 7.938099e-02 seconds
	 1.587620e+04 usec/iteration
	 Performance: 120.47 GFLOPS total
	              120.47 GFLOPS / node
	 5 iterations in 7.932806e-02 seconds
	 1.586561e+04 usec/iteration
	 Performance: 120.55 GFLOPS total
	              120.55 GFLOPS / node
Creating EvenOdd Clover Op
Setting Up Blockinfo array: num_phases=2
Phase info set up
Precomputing offsets
WILL Use 12 compression
Timing M: isign=1
=============================
	 timing 0 of 3
	 5 iterations in 1.669199e-01 seconds
	 3.338399e+04 usec/iteration
	 Performance: 116.09 GFLOPS total
	              116.09 GFLOPS / node
	 timing 1 of 3
	 5 iterations in 1.646619e-01 seconds
	 3.293238e+04 usec/iteration
	 Performance: 117.682 GFLOPS total
	              117.682 GFLOPS / node
	 timing 2 of 3
	 5 iterations in 1.653359e-01 seconds
	 3.306718e+04 usec/iteration
	 Performance: 117.202 GFLOPS total
	              117.202 GFLOPS / node
Timing M: isign=-1
=============================
	 timing 0 of 3
	 5 iterations in 1.689010e-01 seconds
	 3.378019e+04 usec/iteration
	 Performance: 114.728 GFLOPS total
	              114.728 GFLOPS / node
	 timing 1 of 3
	 5 iterations in 1.644430e-01 seconds
	 3.288860e+04 usec/iteration
	 Performance: 117.838 GFLOPS total
	              117.838 GFLOPS / node
	 timing 2 of 3
	 5 iterations in 1.654580e-01 seconds
	 3.309159e+04 usec/iteration
	 Performance: 117.115 GFLOPS total
	              117.115 GFLOPS / node
Initializing CG Solver: Nvec=2 Ny=32 Nz=32 Nt=64
tuneCopyThreads: threads = 1, current_time=0.295912 (s)
tuneCopyThreads: threads = 2, current_time = 0.377475 (s), best=0.295912(s)
tuneCopyThreads: threads = 3, current_time = 0.381945 (s), best=0.295912(s)
tuneCopyThreads: threads = 4, current_time = 0.441637 (s), best=0.295912(s)
tuneAypxThreads: threads = 1, current_time=0.517359 (s)
tuneAypxThreads: threads = 2, current_time = 0.767461 (s), best=0.517359(s)
tuneAypxThreads: threads = 3, current_time = 0.688519 (s), best=0.517359(s)
tuneAypxThreads: threads = 4, current_time = 0.761707 (s), best=0.517359(s)
tuneNorm2Threads: threads = 1, current_time=0.222558 (s)
tuneNorm2Threads: threads = 2, current_time = 0.297864 (s), best=0.222558 (s)
tuneNorm2Threads: threads = 3, current_time = 0.260279 (s), best=0.222558 (s)
tuneNorm2Threads: threads = 4, current_time = 0.340803 (s), best=0.222558 (s)
tuneXmyNorm2Threads: threads = 1, current_time=0.578114 (s)
tuneXMYThreads: threads = 2, current_time = 0.799822 (s), best=0.578114(s)
tuneXMYThreads: threads = 3, current_time = 0.740714 (s), best=0.578114(s)
tuneXMYThreads: threads = 4, current_time = 0.867308 (s), best=0.578114(s)
tuneRXUpdateThreads: threads = 1, current_time=1.01362 (s)
tuneRXUpdateThreads: threads = 2, current_time = 1.02582 (s), best=1.01362(s)
tuneRXUpdateThreads: threads = 3, current_time = 1.02144 (s), best=1.01362(s)
tuneRXUpdateThreads: threads = 4, current_time = 1.0272 (s), best=1.01362(s)
TuningResults: 
	 copyThreads=1 threads
	 aypxThreads=1 threads
	 xmyNormThreads=1 threads
	 rmammpNorm2rxpapThreads=4 threads
	 norm2Threads=1 threads
Zeroing solution
Starting solver
Chi_sq=2.09871e+06 RsdTarget=1e-13
Solver iters=178
Solver Time=16.1271(s)
CG GFLOPS=89.3101
Zeroing solution
Starting solver
Chi_sq=2.09568e+06 RsdTarget=1e-13
Solver iters=178
Solver Time=16.1272(s)
CG GFLOPS=89.3099
Zeroing solution
Starting solver
Chi_sq=2.09052e+06 RsdTarget=1e-13
Solver iters=178
Solver Time=16.124(s)
CG GFLOPS=89.3274
Zeroing solution
Starting solver
Chi_sq=2.09898e+06 RsdTarget=1e-13
Solver iters=178
Solver Time=16.1324(s)
CG GFLOPS=89.2811
Zeroing solution
Starting solver
Chi_sq=2.0986e+06 RsdTarget=1e-13
Solver iters=178
Solver Time=16.1286(s)
CG GFLOPS=89.3019
tuneZeroThreads: threads = 1, current_time=0.461753 (s)
tuneZeroThreads: threads = 2, current_time = 0.409793 (s), best=0.461753(s)
tuneZeroThreads: threads = 3, current_time = 0.34185 (s), best=0.409793(s)
tuneZeroThreads: threads = 4, current_time = 0.312214 (s), best=0.34185(s)
tuneNorm2Threads: threads = 1, current_time=0.22318 (s)
tuneNorm2Threads: threads = 2, current_time = 0.29648 (s), best=0.22318 (s)
tuneNorm2Threads: threads = 3, current_time = 0.261071 (s), best=0.22318 (s)
tuneNorm2Threads: threads = 4, current_time = 0.340504 (s), best=0.22318 (s)
tuneXMYThreads: threads = 1, current_time=0.517127 (s)
tuneXMYThreads: threads = 2, current_time = 0.763797 (s), best=0.517127(s)
tuneXMYThreads: threads = 3, current_time = 0.683483 (s), best=0.517127(s)
tuneXMYThreads: threads = 4, current_time = 0.756239 (s), best=0.517127(s)
tuneCopyThreads: threads = 1, current_time=0.295128 (s)
tuneCopyThreads: threads = 2, current_time = 0.378861 (s), best=0.295128(s)
tuneCopyThreads: threads = 3, current_time = 0.37682 (s), best=0.295128(s)
tuneCopyThreads: threads = 4, current_time = 0.439405 (s), best=0.295128(s)
tuneInnerProductThreads: threads = 1, current_time=0.373997 (s)
tuneInnerProductThreads: threads = 2, current_time = 0.536164 (s), best=0.373997(s)
tuneInnerProductThreads: threads = 3, current_time = 0.485577 (s), best=0.373997(s)
tuneInnerProductThreads: threads = 4, current_time = 0.65358 (s), best=0.373997(s)
tunePUpdateThreads: threads = 1, current_time=0.766945 (s)
tunePUpdateThreads: threads = 2, current_time = 1.07508 (s), best=0.766945(s)
tunePUpdateThreads: threads = 3, current_time = 0.934652 (s), best=0.766945(s)
tunePUpdateThreads: threads = 4, current_time = 1.12289 (s), best=0.766945(s)
tuneSUpdateThreads: threads = 1, current_time=0.496876 (s)
tuneSUpdateThreads: threads = 2, current_time = 0.753944 (s), best=0.496876(s)
tuneSUpdateThreads: threads = 3, current_time = 0.641559 (s), best=0.496876(s)
tuneSUpdateThreads: threads = 4, current_time = 0.763313 (s), best=0.496876(s)
tuneRXUpdateThreads: threads = 1, current_time=1.0716 (s)
tuneRXUpdateThreads: threads = 2, current_time = 1.58874 (s), best=1.0716(s)
tuneRXUpdateThreads: threads = 3, current_time = 1.428 (s), best=1.0716(s)
tuneRXUpdateThreads: threads = 4, current_time = 1.63226 (s), best=1.0716(s)
TuningResults: 
	 zeroThreads=4 threads
	 copyThreads=1 threads
	 xmyThreads=1 threads
	 norm2Threads=1 threads
	 innerProductThreads=1 threads
	 pUpdateThreads=1 threads
	 sUpdateThreads=1 threads
	 rxUpdateThreads=1 threads
Solver iters=74
Solver Time=7.49295(s)
BICGSTAB GFLOPS=85.8491
Solver iters=73
Solver Time=7.40279(s)
BICGSTAB GFLOPS=85.7118
Solver iters=75
Solver Time=7.59245(s)
BICGSTAB GFLOPS=85.8775
Solver iters=74
Solver Time=7.50878(s)
BICGSTAB GFLOPS=85.6682
Solver iters=74
Solver Time=7.4939(s)
BICGSTAB GFLOPS=85.8383
Cleaning up
