QMP IS INITIALIZED
Declared QMP Topology: 1 1 1 1
Launching TestCase
TIMING IN HALF PRECISION 
VECLEN=16 SOALEN=8
Global Lattice Size =  32 32 32 64
Local Lattice Size =  32 32 32 64
Block Sizes: By= 4 Bz=4
Cores = 60
SMT Grid: Sy=1 Sz=4
Pad Factors: PadXY=1 PadXYZ=0
Threads_per_core = 4
Initializing Dslash
Setting Up Blockinfo array: num_phases=2
Phase info set up
Precomputing offsets
WILL Use 12 compression
Initializing Fake Gauge Field:  12.8178 sec
Filling Input spinor:  3.19668 sec
Zeroing output spinor:  0.0187931 sec
Allocating Clover Term
Done
Filling Clover Term with junk
Done
Starting Timings
Timing on cb=0 isign=1
=============================
	 5 iterations in 2.920198e-02 seconds
	 5.840397e+03 usec/iteration
	 Performance: 327.478 GFLOPS total
	              327.478 GFLOPS / node
	 5 iterations in 2.474999e-02 seconds
	 4.949999e+03 usec/iteration
	 Performance: 386.384 GFLOPS total
	              386.384 GFLOPS / node
	 5 iterations in 2.494216e-02 seconds
	 4.988432e+03 usec/iteration
	 Performance: 383.408 GFLOPS total
	              383.408 GFLOPS / node
Timing on cb=1 isign=1
=============================
	 5 iterations in 2.482605e-02 seconds
	 4.965210e+03 usec/iteration
	 Performance: 385.201 GFLOPS total
	              385.201 GFLOPS / node
	 5 iterations in 2.573419e-02 seconds
	 5.146837e+03 usec/iteration
	 Performance: 371.607 GFLOPS total
	              371.607 GFLOPS / node
	 5 iterations in 2.495503e-02 seconds
	 4.991007e+03 usec/iteration
	 Performance: 383.21 GFLOPS total
	              383.21 GFLOPS / node
Timing on cb=0 isign=-1
=============================
	 5 iterations in 6.273198e-02 seconds
	 1.254640e+04 usec/iteration
	 Performance: 152.442 GFLOPS total
	              152.442 GFLOPS / node
	 5 iterations in 2.886510e-02 seconds
	 5.773020e+03 usec/iteration
	 Performance: 331.3 GFLOPS total
	              331.3 GFLOPS / node
	 5 iterations in 3.005695e-02 seconds
	 6.011391e+03 usec/iteration
	 Performance: 318.163 GFLOPS total
	              318.163 GFLOPS / node
Timing on cb=1 isign=-1
=============================
	 5 iterations in 2.847695e-02 seconds
	 5.695391e+03 usec/iteration
	 Performance: 335.816 GFLOPS total
	              335.816 GFLOPS / node
	 5 iterations in 2.934122e-02 seconds
	 5.868244e+03 usec/iteration
	 Performance: 325.924 GFLOPS total
	              325.924 GFLOPS / node
	 5 iterations in 2.834082e-02 seconds
	 5.668163e+03 usec/iteration
	 Performance: 337.429 GFLOPS total
	              337.429 GFLOPS / node
Creating EvenOdd Clover Op
Setting Up Blockinfo array: num_phases=2
Phase info set up
Precomputing offsets
WILL Use 12 compression
Timing M: isign=1
=============================
	 timing 0 of 3
	 5 iterations in 5.333185e-02 seconds
	 1.066637e+04 usec/iteration
	 Performance: 363.342 GFLOPS total
	              363.342 GFLOPS / node
	 timing 1 of 3
	 5 iterations in 4.998016e-02 seconds
	 9.996033e+03 usec/iteration
	 Performance: 387.708 GFLOPS total
	              387.708 GFLOPS / node
	 timing 2 of 3
	 5 iterations in 5.054188e-02 seconds
	 1.010838e+04 usec/iteration
	 Performance: 383.399 GFLOPS total
	              383.399 GFLOPS / node
Timing M: isign=-1
=============================
	 timing 0 of 3
	 5 iterations in 5.389595e-02 seconds
	 1.077919e+04 usec/iteration
	 Performance: 359.539 GFLOPS total
	              359.539 GFLOPS / node
	 timing 1 of 3
	 5 iterations in 5.073094e-02 seconds
	 1.014619e+04 usec/iteration
	 Performance: 381.97 GFLOPS total
	              381.97 GFLOPS / node
	 timing 2 of 3
	 5 iterations in 5.063295e-02 seconds
	 1.012659e+04 usec/iteration
	 Performance: 382.709 GFLOPS total
	              382.709 GFLOPS / node
Initializing CG Solver: Nvec=2 Ny=32 Nz=32 Nt=64
tuneCopyThreads: threads = 1, current_time=0.14234 (s)
tuneCopyThreads: threads = 2, current_time = 0.15145 (s), best=0.14234(s)
tuneCopyThreads: threads = 3, current_time = 0.169619 (s), best=0.14234(s)
tuneCopyThreads: threads = 4, current_time = 0.162222 (s), best=0.14234(s)
tuneAypxThreads: threads = 1, current_time=0.3366 (s)
tuneAypxThreads: threads = 2, current_time = 0.328719 (s), best=0.3366(s)
tuneAypxThreads: threads = 3, current_time = 0.294558 (s), best=0.328719(s)
tuneAypxThreads: threads = 4, current_time = 0.26449 (s), best=0.294558(s)
tuneNorm2Threads: threads = 1, current_time=0.215814 (s)
tuneNorm2Threads: threads = 2, current_time = 0.152992 (s), best=0.215814 (s)
tuneNorm2Threads: threads = 3, current_time = 0.149989 (s), best=0.152992 (s)
tuneNorm2Threads: threads = 4, current_time = 0.137291 (s), best=0.149989 (s)
tuneXmyNorm2Threads: threads = 1, current_time=0.364955 (s)
tuneXMYThreads: threads = 2, current_time = 0.280159 (s), best=0.364955(s)
tuneXMYThreads: threads = 3, current_time = 0.295567 (s), best=0.280159(s)
tuneXMYThreads: threads = 4, current_time = 0.284027 (s), best=0.280159(s)
tuneRXUpdateThreads: threads = 1, current_time=0.76729 (s)
tuneRXUpdateThreads: threads = 2, current_time = 0.75249 (s), best=0.76729(s)
tuneRXUpdateThreads: threads = 3, current_time = 0.69689 (s), best=0.75249(s)
tuneRXUpdateThreads: threads = 4, current_time = 0.65059 (s), best=0.69689(s)
TuningResults: 
	 copyThreads=1 threads
	 aypxThreads=4 threads
	 xmyNormThreads=2 threads
	 rmammpNorm2rxpapThreads=4 threads
	 norm2Threads=4 threads
Zeroing solution
Starting solver
Chi_sq=2.09681e+06 RsdTarget=0.0001
Solver iters=41
Solver Time=1.28986(s)
CG GFLOPS=266.65
Zeroing solution
Starting solver
Chi_sq=2.09564e+06 RsdTarget=0.0001
Solver iters=40
Solver Time=1.25411(s)
CG GFLOPS=267.869
Zeroing solution
Starting solver
Chi_sq=2.09323e+06 RsdTarget=0.0001
Solver iters=41
Solver Time=1.28867(s)
CG GFLOPS=266.896
Zeroing solution
Starting solver
Chi_sq=2.09939e+06 RsdTarget=0.0001
Solver iters=41
Solver Time=1.28709(s)
CG GFLOPS=267.223
Zeroing solution
Starting solver
Chi_sq=2.09262e+06 RsdTarget=0.0001
Solver iters=41
Solver Time=1.28751(s)
CG GFLOPS=267.136
tuneZeroThreads: threads = 1, current_time=0.200165 (s)
tuneZeroThreads: threads = 2, current_time = 0.157237 (s), best=0.200165(s)
tuneZeroThreads: threads = 3, current_time = 0.136988 (s), best=0.157237(s)
tuneZeroThreads: threads = 4, current_time = 0.122549 (s), best=0.136988(s)
tuneNorm2Threads: threads = 1, current_time=0.214602 (s)
tuneNorm2Threads: threads = 2, current_time = 0.152389 (s), best=0.214602 (s)
tuneNorm2Threads: threads = 3, current_time = 0.150281 (s), best=0.152389 (s)
tuneNorm2Threads: threads = 4, current_time = 0.135514 (s), best=0.150281 (s)
tuneXMYThreads: threads = 1, current_time=0.329814 (s)
tuneXMYThreads: threads = 2, current_time = 0.319329 (s), best=0.329814(s)
tuneXMYThreads: threads = 3, current_time = 0.289904 (s), best=0.319329(s)
tuneXMYThreads: threads = 4, current_time = 0.263786 (s), best=0.289904(s)
tuneCopyThreads: threads = 1, current_time=0.140444 (s)
tuneCopyThreads: threads = 2, current_time = 0.148454 (s), best=0.140444(s)
tuneCopyThreads: threads = 3, current_time = 0.168085 (s), best=0.140444(s)
tuneCopyThreads: threads = 4, current_time = 0.162049 (s), best=0.140444(s)
tuneInnerProductThreads: threads = 1, current_time=0.186867 (s)
tuneInnerProductThreads: threads = 2, current_time = 0.146843 (s), best=0.186867(s)
tuneInnerProductThreads: threads = 3, current_time = 0.192251 (s), best=0.146843(s)
tuneInnerProductThreads: threads = 4, current_time = 0.195888 (s), best=0.146843(s)
tunePUpdateThreads: threads = 1, current_time=0.53423 (s)
tunePUpdateThreads: threads = 2, current_time = 0.46729 (s), best=0.53423(s)
tunePUpdateThreads: threads = 3, current_time = 0.446133 (s), best=0.46729(s)
tunePUpdateThreads: threads = 4, current_time = 0.408434 (s), best=0.446133(s)
tuneSUpdateThreads: threads = 1, current_time=0.377054 (s)
tuneSUpdateThreads: threads = 2, current_time = 0.349041 (s), best=0.377054(s)
tuneSUpdateThreads: threads = 3, current_time = 0.32737 (s), best=0.349041(s)
tuneSUpdateThreads: threads = 4, current_time = 0.293195 (s), best=0.32737(s)
tuneRXUpdateThreads: threads = 1, current_time=0.946675 (s)
tuneRXUpdateThreads: threads = 2, current_time = 0.831771 (s), best=0.946675(s)
tuneRXUpdateThreads: threads = 3, current_time = 0.770361 (s), best=0.831771(s)
tuneRXUpdateThreads: threads = 4, current_time = 0.71643 (s), best=0.770361(s)
TuningResults: 
	 zeroThreads=4 threads
	 copyThreads=1 threads
	 xmyThreads=4 threads
	 norm2Threads=4 threads
	 innerProductThreads=2 threads
	 pUpdateThreads=4 threads
	 sUpdateThreads=4 threads
	 rxUpdateThreads=4 threads
Solver iters=22
Solver Time=0.900697(s)
BICGSTAB GFLOPS=208.575
Solver iters=21
Solver Time=0.857298(s)
BICGSTAB GFLOPS=208.918
Solver iters=21
Solver Time=0.856337(s)
BICGSTAB GFLOPS=209.153
Solver iters=21
Solver Time=0.855893(s)
BICGSTAB GFLOPS=209.261
Solver iters=20
Solver Time=0.815569(s)
BICGSTAB GFLOPS=208.869
Cleaning up
