QMP IS INITIALIZED
Declared QMP Topology: 1 1 1 1
Launching TestCase
TIMING IN SINGLE PRECISION 
VECLEN=16 SOALEN=8
Global Lattice Size =  32 32 32 64
Local Lattice Size =  32 32 32 64
Block Sizes: By= 4 Bz=4
Cores = 60
SMT Grid: Sy=1 Sz=4
Pad Factors: PadXY=1 PadXYZ=0
Threads_per_core = 4
Initializing Dslash
Setting Up Blockinfo array: num_phases=2
Phase info set up
Precomputing offsets
WILL Use 12 compression
Initializing Fake Gauge Field:  12.869 sec
Filling Input spinor:  3.18954 sec
Zeroing output spinor:  0.0137582 sec
Allocating Clover Term
Done
Filling Clover Term with junk
Done
Starting Timings
Timing on cb=0 isign=1
=============================
	 5 iterations in 4.003286e-02 seconds
	 8.006573e+03 usec/iteration
	 Performance: 238.879 GFLOPS total
	              238.879 GFLOPS / node
	 5 iterations in 3.794503e-02 seconds
	 7.589006e+03 usec/iteration
	 Performance: 252.023 GFLOPS total
	              252.023 GFLOPS / node
	 5 iterations in 3.833294e-02 seconds
	 7.666588e+03 usec/iteration
	 Performance: 249.472 GFLOPS total
	              249.472 GFLOPS / node
Timing on cb=1 isign=1
=============================
	 5 iterations in 3.854299e-02 seconds
	 7.708597e+03 usec/iteration
	 Performance: 248.113 GFLOPS total
	              248.113 GFLOPS / node
	 5 iterations in 3.874016e-02 seconds
	 7.748032e+03 usec/iteration
	 Performance: 246.85 GFLOPS total
	              246.85 GFLOPS / node
	 5 iterations in 3.822684e-02 seconds
	 7.645369e+03 usec/iteration
	 Performance: 250.165 GFLOPS total
	              250.165 GFLOPS / node
Timing on cb=0 isign=-1
=============================
	 5 iterations in 3.982997e-02 seconds
	 7.965994e+03 usec/iteration
	 Performance: 240.096 GFLOPS total
	              240.096 GFLOPS / node
	 5 iterations in 3.765106e-02 seconds
	 7.530212e+03 usec/iteration
	 Performance: 253.991 GFLOPS total
	              253.991 GFLOPS / node
	 5 iterations in 3.726506e-02 seconds
	 7.453012e+03 usec/iteration
	 Performance: 256.621 GFLOPS total
	              256.621 GFLOPS / node
Timing on cb=1 isign=-1
=============================
	 5 iterations in 3.737092e-02 seconds
	 7.474184e+03 usec/iteration
	 Performance: 255.895 GFLOPS total
	              255.895 GFLOPS / node
	 5 iterations in 3.741002e-02 seconds
	 7.482004e+03 usec/iteration
	 Performance: 255.627 GFLOPS total
	              255.627 GFLOPS / node
	 5 iterations in 3.751612e-02 seconds
	 7.503223e+03 usec/iteration
	 Performance: 254.904 GFLOPS total
	              254.904 GFLOPS / node
Creating EvenOdd Clover Op
Setting Up Blockinfo array: num_phases=2
Phase info set up
Precomputing offsets
WILL Use 12 compression
Timing M: isign=1
=============================
	 timing 0 of 3
	 5 iterations in 8.232284e-02 seconds
	 1.646457e+04 usec/iteration
	 Performance: 235.387 GFLOPS total
	              235.387 GFLOPS / node
	 timing 1 of 3
	 5 iterations in 7.889009e-02 seconds
	 1.577802e+04 usec/iteration
	 Performance: 245.629 GFLOPS total
	              245.629 GFLOPS / node
	 timing 2 of 3
	 5 iterations in 7.905483e-02 seconds
	 1.581097e+04 usec/iteration
	 Performance: 245.117 GFLOPS total
	              245.117 GFLOPS / node
Timing M: isign=-1
=============================
	 timing 0 of 3
	 5 iterations in 8.035493e-02 seconds
	 1.607099e+04 usec/iteration
	 Performance: 241.151 GFLOPS total
	              241.151 GFLOPS / node
	 timing 1 of 3
	 5 iterations in 7.792187e-02 seconds
	 1.558437e+04 usec/iteration
	 Performance: 248.681 GFLOPS total
	              248.681 GFLOPS / node
	 timing 2 of 3
	 5 iterations in 7.794189e-02 seconds
	 1.558838e+04 usec/iteration
	 Performance: 248.617 GFLOPS total
	              248.617 GFLOPS / node
Initializing CG Solver: Nvec=2 Ny=32 Nz=32 Nt=64
tuneCopyThreads: threads = 1, current_time=0.153486 (s)
tuneCopyThreads: threads = 2, current_time = 0.215775 (s), best=0.153486(s)
tuneCopyThreads: threads = 3, current_time = 0.23075 (s), best=0.153486(s)
tuneCopyThreads: threads = 4, current_time = 0.216046 (s), best=0.153486(s)
tuneAypxThreads: threads = 1, current_time=0.334626 (s)
tuneAypxThreads: threads = 2, current_time = 0.531246 (s), best=0.334626(s)
tuneAypxThreads: threads = 3, current_time = 0.460542 (s), best=0.334626(s)
tuneAypxThreads: threads = 4, current_time = 0.383881 (s), best=0.334626(s)
tuneNorm2Threads: threads = 1, current_time=0.21728 (s)
tuneNorm2Threads: threads = 2, current_time = 0.211369 (s), best=0.21728 (s)
tuneNorm2Threads: threads = 3, current_time = 0.199137 (s), best=0.211369 (s)
tuneNorm2Threads: threads = 4, current_time = 0.168139 (s), best=0.199137 (s)
tuneXmyNorm2Threads: threads = 1, current_time=0.406563 (s)
tuneXMYThreads: threads = 2, current_time = 0.470634 (s), best=0.406563(s)
tuneXMYThreads: threads = 3, current_time = 0.455237 (s), best=0.406563(s)
tuneXMYThreads: threads = 4, current_time = 0.408902 (s), best=0.406563(s)
tuneRXUpdateThreads: threads = 1, current_time=0.791221 (s)
tuneRXUpdateThreads: threads = 2, current_time = 0.773978 (s), best=0.791221(s)
tuneRXUpdateThreads: threads = 3, current_time = 1.18157 (s), best=0.773978(s)
tuneRXUpdateThreads: threads = 4, current_time = 1.18631 (s), best=0.773978(s)
TuningResults: 
	 copyThreads=1 threads
	 aypxThreads=1 threads
	 xmyNormThreads=1 threads
	 rmammpNorm2rxpapThreads=4 threads
	 norm2Threads=4 threads
Zeroing solution
Starting solver
Chi_sq=2.09683e+06 RsdTarget=1e-07
Solver iters=80
Solver Time=3.6741(s)
CG GFLOPS=178.56
Zeroing solution
Starting solver
Chi_sq=2.10067e+06 RsdTarget=1e-07
Solver iters=80
Solver Time=3.66026(s)
CG GFLOPS=179.235
Zeroing solution
Starting solver
Chi_sq=2.09433e+06 RsdTarget=1e-07
Solver iters=80
Solver Time=3.66661(s)
CG GFLOPS=178.925
Zeroing solution
Starting solver
Chi_sq=2.0957e+06 RsdTarget=1e-07
Solver iters=80
Solver Time=3.66583(s)
CG GFLOPS=178.963
Zeroing solution
Starting solver
Chi_sq=2.09515e+06 RsdTarget=1e-07
Solver iters=80
Solver Time=3.67428(s)
CG GFLOPS=178.551
tuneZeroThreads: threads = 1, current_time=0.250566 (s)
tuneZeroThreads: threads = 2, current_time = 0.225261 (s), best=0.250566(s)
tuneZeroThreads: threads = 3, current_time = 0.1999 (s), best=0.225261(s)
tuneZeroThreads: threads = 4, current_time = 0.175074 (s), best=0.1999(s)
tuneNorm2Threads: threads = 1, current_time=0.216732 (s)
tuneNorm2Threads: threads = 2, current_time = 0.209529 (s), best=0.216732 (s)
tuneNorm2Threads: threads = 3, current_time = 0.194856 (s), best=0.209529 (s)
tuneNorm2Threads: threads = 4, current_time = 0.16301 (s), best=0.194856 (s)
tuneXMYThreads: threads = 1, current_time=0.321188 (s)
tuneXMYThreads: threads = 2, current_time = 0.530269 (s), best=0.321188(s)
tuneXMYThreads: threads = 3, current_time = 0.462174 (s), best=0.321188(s)
tuneXMYThreads: threads = 4, current_time = 0.381895 (s), best=0.321188(s)
tuneCopyThreads: threads = 1, current_time=0.148952 (s)
tuneCopyThreads: threads = 2, current_time = 0.209409 (s), best=0.148952(s)
tuneCopyThreads: threads = 3, current_time = 0.219902 (s), best=0.148952(s)
tuneCopyThreads: threads = 4, current_time = 0.207558 (s), best=0.148952(s)
tuneInnerProductThreads: threads = 1, current_time=0.284811 (s)
tuneInnerProductThreads: threads = 2, current_time = 0.356523 (s), best=0.284811(s)
tuneInnerProductThreads: threads = 3, current_time = 0.333382 (s), best=0.284811(s)
tuneInnerProductThreads: threads = 4, current_time = 0.281498 (s), best=0.284811(s)
tunePUpdateThreads: threads = 1, current_time=0.545685 (s)
tunePUpdateThreads: threads = 2, current_time = 0.777099 (s), best=0.545685(s)
tunePUpdateThreads: threads = 3, current_time = 0.669413 (s), best=0.545685(s)
tunePUpdateThreads: threads = 4, current_time = 0.547391 (s), best=0.545685(s)
tuneSUpdateThreads: threads = 1, current_time=0.371712 (s)
tuneSUpdateThreads: threads = 2, current_time = 0.570773 (s), best=0.371712(s)
tuneSUpdateThreads: threads = 3, current_time = 0.466254 (s), best=0.371712(s)
tuneSUpdateThreads: threads = 4, current_time = 0.397163 (s), best=0.371712(s)
tuneRXUpdateThreads: threads = 1, current_time=0.9708 (s)
tuneRXUpdateThreads: threads = 2, current_time = 1.29258 (s), best=0.9708(s)
tuneRXUpdateThreads: threads = 3, current_time = 1.11674 (s), best=0.9708(s)
tuneRXUpdateThreads: threads = 4, current_time = 0.928162 (s), best=0.9708(s)
TuningResults: 
	 zeroThreads=4 threads
	 copyThreads=1 threads
	 xmyThreads=1 threads
	 norm2Threads=4 threads
	 innerProductThreads=4 threads
	 pUpdateThreads=1 threads
	 sUpdateThreads=1 threads
	 rxUpdateThreads=4 threads
Solver iters=38
Solver Time=2.26982(s)
BICGSTAB GFLOPS=144.499
Solver iters=40
Solver Time=2.38148(s)
BICGSTAB GFLOPS=145.078
Solver iters=43
Solver Time=2.56454(s)
BICGSTAB GFLOPS=144.968
Solver iters=44
Solver Time=2.62214(s)
BICGSTAB GFLOPS=145.123
Solver iters=37
Solver Time=2.19982(s)
BICGSTAB GFLOPS=145.115
Cleaning up
