running the following test:
prec    prec_sloppy   multishift  matpc_type  recon  recon_sloppy S_dimension T_dimension Ls_dimension   dslash_type  normalization
double     half          0        even_even     18     18          32/ 32/ 32      32         16               clover     kappa
Grid partition info:     X  Y  Z  T
                         0  0  0  1
QUDA 0.7.1 (git v0.7.1-0-g050e31d-dirty)
Found device 0: Tesla K20X
Using device 0: Tesla K20X
WARNING: Failed to determine NUMA affinity for device 0 (possibly not applicable)
Loaded 31 sets of cached parameters from .//tunecache.tsv
Creating a DiracCloverPC operator
Creating a DiracCloverPC operator
Creating a DiracCloverPC operator
Source: CPU = 1.67781e+07, CUDA copy = 1.67781e+07
Solution: CPU = 0, CUDA copy = 0
Prepared source = 1.67781e+07
Prepared solution = 0
Prepared source post mass rescale = 1.67781e+07
Creating a CG solver
CG: 0 iterations, <r,r> = 1.385665e+07, |r|/|b| = 1.000000e+00
CG: 1 iterations, <r,r> = 2.238425e+06, |r|/|b| = 4.019224e-01
CG: 2 iterations, <r,r> = 5.210717e+05, |r|/|b| = 1.939187e-01
CG: 3 iterations, <r,r> = 7.881280e+04, |r|/|b| = 7.541700e-02
CG: 4 iterations, <r,r> = 1.067780e+04, |r|/|b| = 2.775950e-02
CG: 5 iterations, <r,r> = 1.555275e+03, |r|/|b| = 1.059435e-02
CG: 6 iterations, <r,r> = 2.813185e+02, |r|/|b| = 4.505781e-03
CG: 7 iterations, <r,r> = 7.092388e+01, |r|/|b| = 2.262388e-03
CG: 8 iterations, <r,r> = 2.202316e+01, |r|/|b| = 1.260697e-03
CG: 9 iterations, <r,r> = 6.534371e+00, |r|/|b| = 6.867091e-04
CG: 10 iterations, <r,r> = 1.783046e+00, |r|/|b| = 3.587171e-04
CG: 11 iterations, <r,r> = 5.077468e-01, |r|/|b| = 1.914232e-04
CG: 12 iterations, <r,r> = 1.522288e-01, |r|/|b| = 1.048140e-04
CG: 13 iterations, <r,r> = 4.471847e-02, |r|/|b| = 5.680864e-05
CG: 14 iterations, <r,r> = 1.289731e-02, |r|/|b| = 3.050847e-05
CG: 15 iterations, <r,r> = 3.808525e-03, |r|/|b| = 1.657865e-05
CG: 16 iterations, <r,r> = 1.134205e-03, |r|/|b| = 9.047251e-06
CG: 17 iterations, <r,r> = 3.321652e-04, |r|/|b| = 4.896074e-06
CG: 18 iterations, <r,r> = 9.786823e-05, |r|/|b| = 2.657613e-06
CG: 19 iterations, <r,r> = 2.952017e-05, |r|/|b| = 1.459588e-06
CG: 20 iterations, <r,r> = 8.852071e-06, |r|/|b| = 7.992697e-07
CG: 21 iterations, <r,r> = 2.600734e-06, |r|/|b| = 4.332303e-07
CG: 22 iterations, <r,r> = 7.689000e-07, |r|/|b| = 2.355623e-07
CG: 23 iterations, <r,r> = 2.312849e-07, |r|/|b| = 1.291947e-07
CG: 24 iterations, <r,r> = 6.908155e-08, |r|/|b| = 7.060768e-08
CG: Reliable updates = 7
CG: Convergence at 24 iterations, L2 relative residual: iterated = 7.060768e-08, true = 7.060768e-08
Solution = 2.61452e+07
Reconstructed: CUDA solution = 2.61452e+07, CPU copy = 2.61452e+07
Device memory used:
   Spinor: 0.468750 GiB
    Gauge: 0.000000 GiB
   Clover: 0.000000 GiB

Done: 24 iter / 0.584398 secs = 897.687 Gflops, total time = 3.38 secs
Residuals: (L2 relative) tol 1e-07, QUDA = 7.06077e-08, host = 8.56987e-08; (heavy-quark) tol 0, QUDA = 5.2356e-08

               initQuda Total time = 1.01882 secs

          loadGaugeQuda Total time = 0.6012 secs
              download     = 0.497766 secs (  82.8%), with        1 calls at 4.977660e+05 us per call
                  init     = 0.102230 secs (    17%), with        1 calls at 1.022300e+05 us per call
               compute     = 0.000438 secs (0.0729%), with        1 calls at 4.380000e+02 us per call
                  free     = 0.000762 secs ( 0.127%), with        1 calls at 7.620000e+02 us per call
     total accounted       = 0.601196 secs (   100%)
     total missing         = 0.000004 secs (0.000665%)

         loadCloverQuda Total time = 0.937608 secs
              download     = 0.924834 secs (  98.6%), with        1 calls at 9.248340e+05 us per call
                  init     = 0.001659 secs ( 0.177%), with        2 calls at 8.295000e+02 us per call
     total accounted       = 0.926493 secs (  98.8%)
     total missing         = 0.011115 secs (  1.19%)

             invertQuda Total time = 0.824232 secs
              download     = 0.017814 secs (  2.16%), with        1 calls at 1.781400e+04 us per call
                upload     = 0.019206 secs (  2.33%), with        1 calls at 1.920600e+04 us per call
                  init     = 0.042976 secs (  5.21%), with        1 calls at 4.297600e+04 us per call
              preamble     = 0.000001 secs (0.000121%), with        1 calls at 1.000000e+00 us per call
               compute     = 0.584398 secs (  70.9%), with        1 calls at 5.843980e+05 us per call
              epilogue     = 0.042455 secs (  5.15%), with        1 calls at 4.245500e+04 us per call
                  free     = 0.000452 secs (0.0548%), with        1 calls at 4.520000e+02 us per call
     total accounted       = 0.707302 secs (  85.8%)
     total missing         = 0.116930 secs (  14.2%)

                endQuda Total time = 0.224008 secs

Device memory used = 2470.9 MB
Page-locked host memory used = 662.3 MB
Total host memory used >= 746.3 MB

Application 5243808 resources: utime ~52s, stime ~8s, Rss ~3354072, inblocks ~990069, outblocks ~2210346
