running the following test:
prec    prec_sloppy   multishift  matpc_type  recon  recon_sloppy S_dimension T_dimension Ls_dimension   dslash_type  normalization
double     half          0        even_even     18     18          32/ 32/ 32      32         16               clover     kappa
Grid partition info:     X  Y  Z  T
                         0  1  1  1
QUDA 0.7.1 (git v0.7.1-0-g050e31d-dirty)
Found device 0: Tesla K20X
Using device 0: Tesla K20X
WARNING: Failed to determine NUMA affinity for device 0 (possibly not applicable)
Loaded 91 sets of cached parameters from .//tunecache.tsv
Creating a DiracCloverPC operator
Creating a DiracCloverPC operator
Creating a DiracCloverPC operator
Source: CPU = 6.71108e+07, CUDA copy = 6.71108e+07
Solution: CPU = 0, CUDA copy = 0
Prepared source = 6.71108e+07
Prepared solution = 0
Prepared source post mass rescale = 6.71108e+07
Creating a CG solver
CG: 0 iterations, <r,r> = 5.543298e+07, |r|/|b| = 1.000000e+00
CG: 1 iterations, <r,r> = 8.953566e+06, |r|/|b| = 4.018962e-01
CG: 2 iterations, <r,r> = 2.083305e+06, |r|/|b| = 1.938618e-01
CG: 3 iterations, <r,r> = 3.150345e+05, |r|/|b| = 7.538674e-02
CG: 4 iterations, <r,r> = 4.266588e+04, |r|/|b| = 2.774318e-02
CG: 5 iterations, <r,r> = 6.213873e+03, |r|/|b| = 1.058759e-02
CG: 6 iterations, <r,r> = 1.124705e+03, |r|/|b| = 4.504382e-03
CG: 7 iterations, <r,r> = 2.837741e+02, |r|/|b| = 2.262571e-03
CG: 8 iterations, <r,r> = 8.823374e+01, |r|/|b| = 1.261634e-03
CG: 9 iterations, <r,r> = 2.621958e+01, |r|/|b| = 6.877470e-04
CG: 10 iterations, <r,r> = 7.164613e+00, |r|/|b| = 3.595111e-04
CG: 11 iterations, <r,r> = 2.046726e+00, |r|/|b| = 1.921524e-04
CG: 12 iterations, <r,r> = 6.180273e-01, |r|/|b| = 1.055893e-04
CG: 13 iterations, <r,r> = 1.833649e-01, |r|/|b| = 5.751406e-05
CG: 14 iterations, <r,r> = 5.336921e-02, |r|/|b| = 3.102854e-05
CG: 15 iterations, <r,r> = 1.587223e-02, |r|/|b| = 1.692135e-05
CG: 16 iterations, <r,r> = 4.748792e-03, |r|/|b| = 9.255662e-06
CG: 17 iterations, <r,r> = 1.394723e-03, |r|/|b| = 5.016027e-06
CG: 18 iterations, <r,r> = 4.117169e-04, |r|/|b| = 2.725306e-06
CG: 19 iterations, <r,r> = 1.241418e-04, |r|/|b| = 1.496494e-06
CG: 20 iterations, <r,r> = 3.718325e-05, |r|/|b| = 8.190107e-07
CG: 21 iterations, <r,r> = 1.092995e-05, |r|/|b| = 4.440429e-07
CG: 22 iterations, <r,r> = 3.240681e-06, |r|/|b| = 2.417876e-07
CG: 23 iterations, <r,r> = 9.785610e-07, |r|/|b| = 1.328648e-07
CG: 24 iterations, <r,r> = 2.936756e-07, |r|/|b| = 7.278633e-08
CG: Reliable updates = 7
CG: Convergence at 24 iterations, L2 relative residual: iterated = 7.278633e-08, true = 7.278633e-08
Solution = 1.04552e+08
Reconstructed: CUDA solution = 1.04552e+08, CPU copy = 1.04552e+08
Device memory used:
   Spinor: 0.468750 GiB
    Gauge: 0.000000 GiB
   Clover: 0.000000 GiB

Done: 24 iter / 0.61534 secs = 3410.19 Gflops, total time = 3.41 secs
Residuals: (L2 relative) tol 1e-07, QUDA = 7.27863e-08, host = 8.8633e-08; (heavy-quark) tol 0, QUDA = 5.39621e-08

               initQuda Total time = 1.09512 secs

          loadGaugeQuda Total time = 0.53043 secs
              download     = 0.499743 secs (  94.2%), with        1 calls at 4.997430e+05 us per call
                  init     = 0.029712 secs (   5.6%), with        1 calls at 2.971200e+04 us per call
               compute     = 0.000433 secs (0.0816%), with        1 calls at 4.330000e+02 us per call
                  free     = 0.000539 secs ( 0.102%), with        1 calls at 5.390000e+02 us per call
     total accounted       = 0.530427 secs (   100%)
     total missing         = 0.000003 secs (0.000566%)

         loadCloverQuda Total time = 0.972835 secs
              download     = 0.960137 secs (  98.7%), with        1 calls at 9.601370e+05 us per call
                  init     = 0.001629 secs ( 0.167%), with        2 calls at 8.145000e+02 us per call
     total accounted       = 0.961766 secs (  98.9%)
     total missing         = 0.011069 secs (  1.14%)

             invertQuda Total time = 0.835748 secs
              download     = 0.017756 secs (  2.12%), with        1 calls at 1.775600e+04 us per call
                upload     = 0.019191 secs (   2.3%), with        1 calls at 1.919100e+04 us per call
                  init     = 0.045078 secs (  5.39%), with        1 calls at 4.507800e+04 us per call
              preamble     = 0.000001 secs (0.00012%), with        1 calls at 1.000000e+00 us per call
               compute     = 0.615340 secs (  73.6%), with        1 calls at 6.153400e+05 us per call
              epilogue     = 0.044379 secs (  5.31%), with        1 calls at 4.437900e+04 us per call
                  free     = 0.000448 secs (0.0536%), with        1 calls at 4.480000e+02 us per call
     total accounted       = 0.742193 secs (  88.8%)
     total missing         = 0.093555 secs (  11.2%)

                endQuda Total time = 0.22989 secs

Device memory used = 2527.6 MB
Page-locked host memory used = 762.8 MB
Total host memory used >= 846.8 MB

Application 5243899 resources: utime ~208s, stime ~32s, Rss ~3461144, inblocks ~3964898, outblocks ~8841408
