QMP IS INITIALIZED
Declared QMP Topology: 1 1 1 4
Launching TestCase
TIMING IN SINGLE PRECISION 
VECLEN=16 SOALEN=8
Global Lattice Size =  48 48 48 96
Local Lattice Size =  48 48 48 24
Block Sizes: By= 4 Bz=4
Cores = 60
SMT Grid: Sy=1 Sz=4
Pad Factors: PadXY=1 PadXYZ=0
Threads_per_core = 4
Initializing Dslash
Setting Up Blockinfo array: num_phases=4
Phase info set up
Precomputing offsets
WILL Use 12 compression
Initializing Fake Gauge Field:  16.5315 sec
Filling Input spinor:  4.07003 sec
Zeroing output spinor:  0.0150549 sec
Allocating Clover Term
Done
Filling Clover Term with junk
Done
Starting Timings
Timing on cb=0 isign=1
=============================
	 5 iterations in 1.043213e+00 seconds
	 2.086426e+05 usec/iteration
	 Performance: 46.4073 GFLOPS total
	              11.6018 GFLOPS / node
	 5 iterations in 7.126731e-02 seconds
	 1.425346e+04 usec/iteration
	 Performance: 679.312 GFLOPS total
	              169.828 GFLOPS / node
	 5 iterations in 7.101750e-02 seconds
	 1.420350e+04 usec/iteration
	 Performance: 681.702 GFLOPS total
	              170.425 GFLOPS / node
Timing on cb=1 isign=1
=============================
	 5 iterations in 7.060081e-02 seconds
	 1.412016e+04 usec/iteration
	 Performance: 685.725 GFLOPS total
	              171.431 GFLOPS / node
	 5 iterations in 7.101697e-02 seconds
	 1.420339e+04 usec/iteration
	 Performance: 681.707 GFLOPS total
	              170.427 GFLOPS / node
	 5 iterations in 7.096231e-02 seconds
	 1.419246e+04 usec/iteration
	 Performance: 682.232 GFLOPS total
	              170.558 GFLOPS / node
Timing on cb=0 isign=-1
=============================
	 5 iterations in 7.890671e-02 seconds
	 1.578134e+04 usec/iteration
	 Performance: 613.544 GFLOPS total
	              153.386 GFLOPS / node
	 5 iterations in 7.087523e-02 seconds
	 1.417505e+04 usec/iteration
	 Performance: 683.07 GFLOPS total
	              170.768 GFLOPS / node
	 5 iterations in 7.163608e-02 seconds
	 1.432722e+04 usec/iteration
	 Performance: 675.815 GFLOPS total
	              168.954 GFLOPS / node
Timing on cb=1 isign=-1
=============================
	 5 iterations in 7.066774e-02 seconds
	 1.413355e+04 usec/iteration
	 Performance: 685.076 GFLOPS total
	              171.269 GFLOPS / node
	 5 iterations in 7.139802e-02 seconds
	 1.427960e+04 usec/iteration
	 Performance: 678.069 GFLOPS total
	              169.517 GFLOPS / node
	 5 iterations in 7.077640e-02 seconds
	 1.415528e+04 usec/iteration
	 Performance: 684.024 GFLOPS total
	              171.006 GFLOPS / node
Creating EvenOdd Clover Op
Setting Up Blockinfo array: num_phases=4
Phase info set up
Precomputing offsets
WILL Use 12 compression
Timing M: isign=1
=============================
	 timing 0 of 3
	 5 iterations in 3.881493e-01 seconds
	 7.762985e+04 usec/iteration
	 Performance: 252.737 GFLOPS total
	              63.1842 GFLOPS / node
	 timing 1 of 3
	 5 iterations in 1.460320e-01 seconds
	 2.920640e+04 usec/iteration
	 Performance: 671.767 GFLOPS total
	              167.942 GFLOPS / node
	 timing 2 of 3
	 5 iterations in 1.455333e-01 seconds
	 2.910666e+04 usec/iteration
	 Performance: 674.069 GFLOPS total
	              168.517 GFLOPS / node
Timing M: isign=-1
=============================
	 timing 0 of 3
	 5 iterations in 1.555702e-01 seconds
	 3.111404e+04 usec/iteration
	 Performance: 630.58 GFLOPS total
	              157.645 GFLOPS / node
	 timing 1 of 3
	 5 iterations in 1.491705e-01 seconds
	 2.983409e+04 usec/iteration
	 Performance: 657.634 GFLOPS total
	              164.408 GFLOPS / node
	 timing 2 of 3
	 5 iterations in 1.481887e-01 seconds
	 2.963774e+04 usec/iteration
	 Performance: 661.991 GFLOPS total
	              165.498 GFLOPS / node
Initializing CG Solver: Nvec=3 Ny=48 Nz=48 Nt=24
tuneCopyThreads: threads = 1, current_time=0.179617 (s)
tuneCopyThreads: threads = 2, current_time = 0.262061 (s), best=0.179617(s)
tuneCopyThreads: threads = 3, current_time = 0.269482 (s), best=0.179617(s)
tuneCopyThreads: threads = 4, current_time = 0.261058 (s), best=0.179617(s)
tuneAypxThreads: threads = 1, current_time=0.425543 (s)
tuneAypxThreads: threads = 2, current_time = 0.668957 (s), best=0.425543(s)
tuneAypxThreads: threads = 3, current_time = 0.594236 (s), best=0.425543(s)
tuneAypxThreads: threads = 4, current_time = 0.482561 (s), best=0.425543(s)
tuneNorm2Threads: threads = 1, current_time=0.496691 (s)
tuneNorm2Threads: threads = 2, current_time = 0.333249 (s), best=0.496691 (s)
tuneNorm2Threads: threads = 3, current_time = 0.301477 (s), best=0.333249 (s)
tuneNorm2Threads: threads = 4, current_time = 0.261295 (s), best=0.301477 (s)
tuneXmyNorm2Threads: threads = 1, current_time=0.567901 (s)
tuneXMYThreads: threads = 2, current_time = 0.666851 (s), best=0.567901(s)
tuneXMYThreads: threads = 3, current_time = 0.643777 (s), best=0.567901(s)
tuneXMYThreads: threads = 4, current_time = 0.580586 (s), best=0.567901(s)
tuneRXUpdateThreads: threads = 1, current_time=1.07111 (s)
tuneRXUpdateThreads: threads = 2, current_time = 1.0386 (s), best=1.07111(s)
tuneRXUpdateThreads: threads = 3, current_time = 1.59946 (s), best=1.0386(s)
tuneRXUpdateThreads: threads = 4, current_time = 1.59543 (s), best=1.0386(s)
TuningResults: 
	 copyThreads=1 threads
	 aypxThreads=1 threads
	 xmyNormThreads=1 threads
	 rmammpNorm2rxpapThreads=4 threads
	 norm2Threads=4 threads
Zeroing solution
Starting solver
Chi_sq=1.06002e+07 RsdTarget=1e-07
Solver iters=88
Solver Time=7.26852(s)
CG GFLOPS=501.526
Zeroing solution
Starting solver
Chi_sq=1.06168e+07 RsdTarget=1e-07
Solver iters=88
Solver Time=7.28299(s)
CG GFLOPS=500.53
Zeroing solution
Starting solver
Chi_sq=1.06168e+07 RsdTarget=1e-07
Solver iters=88
Solver Time=7.28611(s)
CG GFLOPS=500.315
Zeroing solution
Starting solver
Chi_sq=1.06124e+07 RsdTarget=1e-07
Solver iters=88
Solver Time=7.28716(s)
CG GFLOPS=500.243
Zeroing solution
Starting solver
Chi_sq=1.06209e+07 RsdTarget=1e-07
Solver iters=88
Solver Time=7.28296(s)
CG GFLOPS=500.532
tuneZeroThreads: threads = 1, current_time=0.306609 (s)
tuneZeroThreads: threads = 2, current_time = 0.280614 (s), best=0.306609(s)
tuneZeroThreads: threads = 3, current_time = 0.250113 (s), best=0.280614(s)
tuneZeroThreads: threads = 4, current_time = 0.225943 (s), best=0.250113(s)
tuneNorm2Threads: threads = 1, current_time=0.398997 (s)
tuneNorm2Threads: threads = 2, current_time = 0.330222 (s), best=0.398997 (s)
tuneNorm2Threads: threads = 3, current_time = 0.302162 (s), best=0.330222 (s)
tuneNorm2Threads: threads = 4, current_time = 0.2557 (s), best=0.302162 (s)
tuneXMYThreads: threads = 1, current_time=0.403786 (s)
tuneXMYThreads: threads = 2, current_time = 0.664538 (s), best=0.403786(s)
tuneXMYThreads: threads = 3, current_time = 0.580716 (s), best=0.403786(s)
tuneXMYThreads: threads = 4, current_time = 0.479815 (s), best=0.403786(s)
tuneCopyThreads: threads = 1, current_time=0.184316 (s)
tuneCopyThreads: threads = 2, current_time = 0.2651 (s), best=0.184316(s)
tuneCopyThreads: threads = 3, current_time = 0.273699 (s), best=0.184316(s)
tuneCopyThreads: threads = 4, current_time = 0.262559 (s), best=0.184316(s)
tuneInnerProductThreads: threads = 1, current_time=0.546775 (s)
tuneInnerProductThreads: threads = 2, current_time = 0.510572 (s), best=0.546775(s)
tuneInnerProductThreads: threads = 3, current_time = 0.490513 (s), best=0.510572(s)
tuneInnerProductThreads: threads = 4, current_time = 0.416074 (s), best=0.490513(s)
tunePUpdateThreads: threads = 1, current_time=0.705194 (s)
tunePUpdateThreads: threads = 2, current_time = 0.974768 (s), best=0.705194(s)
tunePUpdateThreads: threads = 3, current_time = 0.849599 (s), best=0.705194(s)
tunePUpdateThreads: threads = 4, current_time = 0.690133 (s), best=0.705194(s)
tuneSUpdateThreads: threads = 1, current_time=0.472072 (s)
tuneSUpdateThreads: threads = 2, current_time = 0.720268 (s), best=0.472072(s)
tuneSUpdateThreads: threads = 3, current_time = 0.586512 (s), best=0.472072(s)
tuneSUpdateThreads: threads = 4, current_time = 0.500201 (s), best=0.472072(s)
tuneRXUpdateThreads: threads = 1, current_time=1.67611 (s)
tuneRXUpdateThreads: threads = 2, current_time = 1.73744 (s), best=1.67611(s)
tuneRXUpdateThreads: threads = 3, current_time = 1.51501 (s), best=1.67611(s)
tuneRXUpdateThreads: threads = 4, current_time = 1.23247 (s), best=1.51501(s)
TuningResults: 
	 zeroThreads=4 threads
	 copyThreads=1 threads
	 xmyThreads=1 threads
	 norm2Threads=4 threads
	 innerProductThreads=4 threads
	 pUpdateThreads=4 threads
	 sUpdateThreads=1 threads
	 rxUpdateThreads=4 threads
Solver iters=38
Solver Time=4.01633(s)
BICGSTAB GFLOPS=413.42
Solver iters=39
Solver Time=4.10975(s)
BICGSTAB GFLOPS=414.81
Solver iters=39
Solver Time=4.0994(s)
BICGSTAB GFLOPS=415.857
Solver iters=40
Solver Time=4.1913(s)
BICGSTAB GFLOPS=417.317
Solver iters=38
Solver Time=3.99584(s)
BICGSTAB GFLOPS=415.54
Cleaning up
