QMP IS INITIALIZED
Declared QMP Topology: 1 1 1 1
Launching TestCase
TIMING IN DOUBLE PRECISION 
VECLEN=8 SOALEN=8
Global Lattice Size =  48 48 48 24
Local Lattice Size =  48 48 48 24
Block Sizes: By= 4 Bz=4
Cores = 60
SMT Grid: Sy=1 Sz=4
Pad Factors: PadXY=1 PadXYZ=0
Threads_per_core = 4
Initializing Dslash
Setting Up Blockinfo array: num_phases=4
Phase info set up
Precomputing offsets
WILL Use 12 compression
Initializing Fake Gauge Field:  15.8181 sec
Filling Input spinor:  4.02359 sec
Zeroing output spinor:  0.00800514 sec
Allocating Clover Term
Done
Filling Clover Term with junk
Done
Starting Timings
Timing on cb=0 isign=1
=============================
	 5 iterations in 1.091971e-01 seconds
	 2.183943e+04 usec/iteration
	 Performance: 110.838 GFLOPS total
	              110.838 GFLOPS / node
	 5 iterations in 1.054010e-01 seconds
	 2.108021e+04 usec/iteration
	 Performance: 114.83 GFLOPS total
	              114.83 GFLOPS / node
	 5 iterations in 1.057761e-01 seconds
	 2.115521e+04 usec/iteration
	 Performance: 114.423 GFLOPS total
	              114.423 GFLOPS / node
Timing on cb=1 isign=1
=============================
	 5 iterations in 1.054449e-01 seconds
	 2.108898e+04 usec/iteration
	 Performance: 114.782 GFLOPS total
	              114.782 GFLOPS / node
	 5 iterations in 1.057580e-01 seconds
	 2.115159e+04 usec/iteration
	 Performance: 114.442 GFLOPS total
	              114.442 GFLOPS / node
	 5 iterations in 1.055200e-01 seconds
	 2.110400e+04 usec/iteration
	 Performance: 114.7 GFLOPS total
	              114.7 GFLOPS / node
Timing on cb=0 isign=-1
=============================
	 5 iterations in 1.087089e-01 seconds
	 2.174177e+04 usec/iteration
	 Performance: 111.336 GFLOPS total
	              111.336 GFLOPS / node
	 5 iterations in 1.071210e-01 seconds
	 2.142420e+04 usec/iteration
	 Performance: 112.986 GFLOPS total
	              112.986 GFLOPS / node
	 5 iterations in 1.069410e-01 seconds
	 2.138820e+04 usec/iteration
	 Performance: 113.176 GFLOPS total
	              113.176 GFLOPS / node
Timing on cb=1 isign=-1
=============================
	 5 iterations in 1.071620e-01 seconds
	 2.143240e+04 usec/iteration
	 Performance: 112.943 GFLOPS total
	              112.943 GFLOPS / node
	 5 iterations in 1.070671e-01 seconds
	 2.141342e+04 usec/iteration
	 Performance: 113.043 GFLOPS total
	              113.043 GFLOPS / node
	 5 iterations in 1.073301e-01 seconds
	 2.146602e+04 usec/iteration
	 Performance: 112.766 GFLOPS total
	              112.766 GFLOPS / node
Creating EvenOdd Clover Op
Setting Up Blockinfo array: num_phases=4
Phase info set up
Precomputing offsets
WILL Use 12 compression
Timing M: isign=1
=============================
	 timing 0 of 3
	 5 iterations in 2.213080e-01 seconds
	 4.426160e+04 usec/iteration
	 Performance: 110.818 GFLOPS total
	              110.818 GFLOPS / node
	 timing 1 of 3
	 5 iterations in 2.180350e-01 seconds
	 4.360700e+04 usec/iteration
	 Performance: 112.481 GFLOPS total
	              112.481 GFLOPS / node
	 timing 2 of 3
	 5 iterations in 2.186000e-01 seconds
	 4.372001e+04 usec/iteration
	 Performance: 112.191 GFLOPS total
	              112.191 GFLOPS / node
Timing M: isign=-1
=============================
	 timing 0 of 3
	 5 iterations in 2.227991e-01 seconds
	 4.455981e+04 usec/iteration
	 Performance: 110.076 GFLOPS total
	              110.076 GFLOPS / node
	 timing 1 of 3
	 5 iterations in 2.198811e-01 seconds
	 4.397621e+04 usec/iteration
	 Performance: 111.537 GFLOPS total
	              111.537 GFLOPS / node
	 timing 2 of 3
	 5 iterations in 2.195690e-01 seconds
	 4.391379e+04 usec/iteration
	 Performance: 111.696 GFLOPS total
	              111.696 GFLOPS / node
Initializing CG Solver: Nvec=3 Ny=48 Nz=48 Nt=24
tuneCopyThreads: threads = 1, current_time=0.36389 (s)
tuneCopyThreads: threads = 2, current_time = 0.472872 (s), best=0.36389(s)
tuneCopyThreads: threads = 3, current_time = 0.46703 (s), best=0.36389(s)
tuneCopyThreads: threads = 4, current_time = 0.540625 (s), best=0.36389(s)
tuneAypxThreads: threads = 1, current_time=0.646768 (s)
tuneAypxThreads: threads = 2, current_time = 0.969438 (s), best=0.646768(s)
tuneAypxThreads: threads = 3, current_time = 0.883474 (s), best=0.646768(s)
tuneAypxThreads: threads = 4, current_time = 0.972976 (s), best=0.646768(s)
tuneNorm2Threads: threads = 1, current_time=0.278529 (s)
tuneNorm2Threads: threads = 2, current_time = 0.373124 (s), best=0.278529 (s)
tuneNorm2Threads: threads = 3, current_time = 0.316023 (s), best=0.278529 (s)
tuneNorm2Threads: threads = 4, current_time = 0.426072 (s), best=0.278529 (s)
tuneXmyNorm2Threads: threads = 1, current_time=0.716952 (s)
tuneXMYThreads: threads = 2, current_time = 0.996088 (s), best=0.716952(s)
tuneXMYThreads: threads = 3, current_time = 0.900812 (s), best=0.716952(s)
tuneXMYThreads: threads = 4, current_time = 1.08935 (s), best=0.716952(s)
tuneRXUpdateThreads: threads = 1, current_time=1.24802 (s)
tuneRXUpdateThreads: threads = 2, current_time = 1.26544 (s), best=1.24802(s)
tuneRXUpdateThreads: threads = 3, current_time = 1.26032 (s), best=1.24802(s)
tuneRXUpdateThreads: threads = 4, current_time = 1.25874 (s), best=1.24802(s)
TuningResults: 
	 copyThreads=1 threads
	 aypxThreads=1 threads
	 xmyNormThreads=1 threads
	 rmammpNorm2rxpapThreads=4 threads
	 norm2Threads=1 threads
Zeroing solution
Starting solver
Chi_sq=2.65095e+06 RsdTarget=1e-13
Solver iters=176
Solver Time=20.9271(s)
CG GFLOPS=86.139
Zeroing solution
Starting solver
Chi_sq=2.6497e+06 RsdTarget=1e-13
Solver iters=176
Solver Time=20.9516(s)
CG GFLOPS=86.0384
Zeroing solution
Starting solver
Chi_sq=2.65229e+06 RsdTarget=1e-13
Solver iters=177
Solver Time=21.0742(s)
CG GFLOPS=86.0186
Zeroing solution
Starting solver
Chi_sq=2.6531e+06 RsdTarget=1e-13
Solver iters=177
Solver Time=21.0762(s)
CG GFLOPS=86.0101
Zeroing solution
Starting solver
Chi_sq=2.65597e+06 RsdTarget=1e-13
Solver iters=176
Solver Time=20.9603(s)
CG GFLOPS=86.0026
tuneZeroThreads: threads = 1, current_time=0.579728 (s)
tuneZeroThreads: threads = 2, current_time = 0.513173 (s), best=0.579728(s)
tuneZeroThreads: threads = 3, current_time = 0.429611 (s), best=0.513173(s)
tuneZeroThreads: threads = 4, current_time = 0.391008 (s), best=0.429611(s)
tuneNorm2Threads: threads = 1, current_time=0.279049 (s)
tuneNorm2Threads: threads = 2, current_time = 0.374362 (s), best=0.279049 (s)
tuneNorm2Threads: threads = 3, current_time = 0.317608 (s), best=0.279049 (s)
tuneNorm2Threads: threads = 4, current_time = 0.425513 (s), best=0.279049 (s)
tuneXMYThreads: threads = 1, current_time=0.640488 (s)
tuneXMYThreads: threads = 2, current_time = 0.966521 (s), best=0.640488(s)
tuneXMYThreads: threads = 3, current_time = 0.874387 (s), best=0.640488(s)
tuneXMYThreads: threads = 4, current_time = 0.967896 (s), best=0.640488(s)
tuneCopyThreads: threads = 1, current_time=0.365453 (s)
tuneCopyThreads: threads = 2, current_time = 0.478597 (s), best=0.365453(s)
tuneCopyThreads: threads = 3, current_time = 0.47165 (s), best=0.365453(s)
tuneCopyThreads: threads = 4, current_time = 0.555152 (s), best=0.365453(s)
tuneInnerProductThreads: threads = 1, current_time=0.464583 (s)
tuneInnerProductThreads: threads = 2, current_time = 0.679481 (s), best=0.464583(s)
tuneInnerProductThreads: threads = 3, current_time = 0.611207 (s), best=0.464583(s)
tuneInnerProductThreads: threads = 4, current_time = 0.829365 (s), best=0.464583(s)
tunePUpdateThreads: threads = 1, current_time=0.951166 (s)
tunePUpdateThreads: threads = 2, current_time = 1.35627 (s), best=0.951166(s)
tunePUpdateThreads: threads = 3, current_time = 1.19084 (s), best=0.951166(s)
tunePUpdateThreads: threads = 4, current_time = 1.4218 (s), best=0.951166(s)
tuneSUpdateThreads: threads = 1, current_time=0.627081 (s)
tuneSUpdateThreads: threads = 2, current_time = 0.951211 (s), best=0.627081(s)
tuneSUpdateThreads: threads = 3, current_time = 0.811264 (s), best=0.627081(s)
tuneSUpdateThreads: threads = 4, current_time = 0.965928 (s), best=0.627081(s)
tuneRXUpdateThreads: threads = 1, current_time=1.29322 (s)
tuneRXUpdateThreads: threads = 2, current_time = 2.01081 (s), best=1.29322(s)
tuneRXUpdateThreads: threads = 3, current_time = 1.81996 (s), best=1.29322(s)
tuneRXUpdateThreads: threads = 4, current_time = 2.06954 (s), best=1.29322(s)
TuningResults: 
	 zeroThreads=4 threads
	 copyThreads=1 threads
	 xmyThreads=1 threads
	 norm2Threads=1 threads
	 innerProductThreads=1 threads
	 pUpdateThreads=1 threads
	 sUpdateThreads=1 threads
	 rxUpdateThreads=1 threads
Solver iters=77
Solver Time=10.1169(s)
BICGSTAB GFLOPS=83.7595
Solver iters=77
Solver Time=10.1103(s)
BICGSTAB GFLOPS=83.8134
Solver iters=76
Solver Time=9.98139(s)
BICGSTAB GFLOPS=83.7858
Solver iters=78
Solver Time=10.2372(s)
BICGSTAB GFLOPS=83.8575
Solver iters=78
Solver Time=10.23(s)
BICGSTAB GFLOPS=83.9163
Cleaning up
