QMP IS INITIALIZED
Declared QMP Topology: 1 1 1 1
Launching TestCase
TIMING IN SINGLE PRECISION 
VECLEN=16 SOALEN=8
Global Lattice Size =  48 48 48 24
Local Lattice Size =  48 48 48 24
Block Sizes: By= 4 Bz=4
Cores = 60
SMT Grid: Sy=1 Sz=4
Pad Factors: PadXY=1 PadXYZ=0
Threads_per_core = 4
Initializing Dslash
Setting Up Blockinfo array: num_phases=4
Phase info set up
Precomputing offsets
WILL Use 12 compression
Initializing Fake Gauge Field:  16.8892 sec
Filling Input spinor:  4.15722 sec
Zeroing output spinor:  0.0153949 sec
Allocating Clover Term
Done
Filling Clover Term with junk
Done
Starting Timings
Timing on cb=0 isign=1
=============================
	 5 iterations in 5.085111e-02 seconds
	 1.017022e+04 usec/iteration
	 Performance: 238.012 GFLOPS total
	              238.012 GFLOPS / node
	 5 iterations in 4.848695e-02 seconds
	 9.697390e+03 usec/iteration
	 Performance: 249.617 GFLOPS total
	              249.617 GFLOPS / node
	 5 iterations in 4.880691e-02 seconds
	 9.761381e+03 usec/iteration
	 Performance: 247.981 GFLOPS total
	              247.981 GFLOPS / node
Timing on cb=1 isign=1
=============================
	 5 iterations in 4.900002e-02 seconds
	 9.800005e+03 usec/iteration
	 Performance: 247.004 GFLOPS total
	              247.004 GFLOPS / node
	 5 iterations in 4.891014e-02 seconds
	 9.782028e+03 usec/iteration
	 Performance: 247.458 GFLOPS total
	              247.458 GFLOPS / node
	 5 iterations in 4.872894e-02 seconds
	 9.745789e+03 usec/iteration
	 Performance: 248.378 GFLOPS total
	              248.378 GFLOPS / node
Timing on cb=0 isign=-1
=============================
	 5 iterations in 5.178213e-02 seconds
	 1.035643e+04 usec/iteration
	 Performance: 233.733 GFLOPS total
	              233.733 GFLOPS / node
	 5 iterations in 4.826403e-02 seconds
	 9.652805e+03 usec/iteration
	 Performance: 250.77 GFLOPS total
	              250.77 GFLOPS / node
	 5 iterations in 4.826498e-02 seconds
	 9.652996e+03 usec/iteration
	 Performance: 250.765 GFLOPS total
	              250.765 GFLOPS / node
Timing on cb=1 isign=-1
=============================
	 5 iterations in 4.840302e-02 seconds
	 9.680605e+03 usec/iteration
	 Performance: 250.05 GFLOPS total
	              250.05 GFLOPS / node
	 5 iterations in 4.871798e-02 seconds
	 9.743595e+03 usec/iteration
	 Performance: 248.434 GFLOPS total
	              248.434 GFLOPS / node
	 5 iterations in 4.854989e-02 seconds
	 9.709978e+03 usec/iteration
	 Performance: 249.294 GFLOPS total
	              249.294 GFLOPS / node
Creating EvenOdd Clover Op
Setting Up Blockinfo array: num_phases=4
Phase info set up
Precomputing offsets
WILL Use 12 compression
Timing M: isign=1
=============================
	 timing 0 of 3
	 5 iterations in 1.051419e-01 seconds
	 2.102838e+04 usec/iteration
	 Performance: 233.255 GFLOPS total
	              233.255 GFLOPS / node
	 timing 1 of 3
	 5 iterations in 1.014380e-01 seconds
	 2.028761e+04 usec/iteration
	 Performance: 241.772 GFLOPS total
	              241.772 GFLOPS / node
	 timing 2 of 3
	 5 iterations in 1.010020e-01 seconds
	 2.020040e+04 usec/iteration
	 Performance: 242.816 GFLOPS total
	              242.816 GFLOPS / node
Timing M: isign=-1
=============================
	 timing 0 of 3
	 5 iterations in 1.052098e-01 seconds
	 2.104197e+04 usec/iteration
	 Performance: 233.104 GFLOPS total
	              233.104 GFLOPS / node
	 timing 1 of 3
	 5 iterations in 1.018131e-01 seconds
	 2.036262e+04 usec/iteration
	 Performance: 240.881 GFLOPS total
	              240.881 GFLOPS / node
	 timing 2 of 3
	 5 iterations in 1.013091e-01 seconds
	 2.026181e+04 usec/iteration
	 Performance: 242.08 GFLOPS total
	              242.08 GFLOPS / node
Initializing CG Solver: Nvec=3 Ny=48 Nz=48 Nt=24
tuneCopyThreads: threads = 1, current_time=0.181612 (s)
tuneCopyThreads: threads = 2, current_time = 0.265905 (s), best=0.181612(s)
tuneCopyThreads: threads = 3, current_time = 0.272922 (s), best=0.181612(s)
tuneCopyThreads: threads = 4, current_time = 0.264644 (s), best=0.181612(s)
tuneAypxThreads: threads = 1, current_time=0.414891 (s)
tuneAypxThreads: threads = 2, current_time = 0.669296 (s), best=0.414891(s)
tuneAypxThreads: threads = 3, current_time = 0.590492 (s), best=0.414891(s)
tuneAypxThreads: threads = 4, current_time = 0.48095 (s), best=0.414891(s)
tuneNorm2Threads: threads = 1, current_time=0.270136 (s)
tuneNorm2Threads: threads = 2, current_time = 0.264438 (s), best=0.270136 (s)
tuneNorm2Threads: threads = 3, current_time = 0.243389 (s), best=0.264438 (s)
tuneNorm2Threads: threads = 4, current_time = 0.204602 (s), best=0.243389 (s)
tuneXmyNorm2Threads: threads = 1, current_time=0.497975 (s)
tuneXMYThreads: threads = 2, current_time = 0.589797 (s), best=0.497975(s)
tuneXMYThreads: threads = 3, current_time = 0.565502 (s), best=0.497975(s)
tuneXMYThreads: threads = 4, current_time = 0.505921 (s), best=0.497975(s)
tuneRXUpdateThreads: threads = 1, current_time=0.989522 (s)
tuneRXUpdateThreads: threads = 2, current_time = 0.964352 (s), best=0.989522(s)
tuneRXUpdateThreads: threads = 3, current_time = 1.49743 (s), best=0.964352(s)
tuneRXUpdateThreads: threads = 4, current_time = 1.49436 (s), best=0.964352(s)
TuningResults: 
	 copyThreads=1 threads
	 aypxThreads=1 threads
	 xmyNormThreads=1 threads
	 rmammpNorm2rxpapThreads=4 threads
	 norm2Threads=4 threads
Zeroing solution
Starting solver
Chi_sq=2.6527e+06 RsdTarget=1e-07
Solver iters=78
Solver Time=4.59559(s)
CG GFLOPS=176.268
Zeroing solution
Starting solver
Chi_sq=2.65522e+06 RsdTarget=1e-07
Solver iters=78
Solver Time=4.59396(s)
CG GFLOPS=176.33
Zeroing solution
Starting solver
Chi_sq=2.66267e+06 RsdTarget=1e-07
Solver iters=79
Solver Time=4.64574(s)
CG GFLOPS=176.545
Zeroing solution
Starting solver
Chi_sq=2.65625e+06 RsdTarget=1e-07
Solver iters=79
Solver Time=4.64777(s)
CG GFLOPS=176.468
Zeroing solution
Starting solver
Chi_sq=2.65185e+06 RsdTarget=1e-07
Solver iters=79
Solver Time=4.64971(s)
CG GFLOPS=176.394
tuneZeroThreads: threads = 1, current_time=0.31461 (s)
tuneZeroThreads: threads = 2, current_time = 0.281852 (s), best=0.31461(s)
tuneZeroThreads: threads = 3, current_time = 0.250307 (s), best=0.281852(s)
tuneZeroThreads: threads = 4, current_time = 0.227824 (s), best=0.250307(s)
tuneNorm2Threads: threads = 1, current_time=0.271112 (s)
tuneNorm2Threads: threads = 2, current_time = 0.26559 (s), best=0.271112 (s)
tuneNorm2Threads: threads = 3, current_time = 0.24344 (s), best=0.26559 (s)
tuneNorm2Threads: threads = 4, current_time = 0.205597 (s), best=0.24344 (s)
tuneXMYThreads: threads = 1, current_time=0.394186 (s)
tuneXMYThreads: threads = 2, current_time = 0.664416 (s), best=0.394186(s)
tuneXMYThreads: threads = 3, current_time = 0.582519 (s), best=0.394186(s)
tuneXMYThreads: threads = 4, current_time = 0.480414 (s), best=0.394186(s)
tuneCopyThreads: threads = 1, current_time=0.188082 (s)
tuneCopyThreads: threads = 2, current_time = 0.26813 (s), best=0.188082(s)
tuneCopyThreads: threads = 3, current_time = 0.273635 (s), best=0.188082(s)
tuneCopyThreads: threads = 4, current_time = 0.266461 (s), best=0.188082(s)
tuneInnerProductThreads: threads = 1, current_time=0.352069 (s)
tuneInnerProductThreads: threads = 2, current_time = 0.443205 (s), best=0.352069(s)
tuneInnerProductThreads: threads = 3, current_time = 0.416728 (s), best=0.352069(s)
tuneInnerProductThreads: threads = 4, current_time = 0.34948 (s), best=0.352069(s)
tunePUpdateThreads: threads = 1, current_time=0.677259 (s)
tunePUpdateThreads: threads = 2, current_time = 0.975676 (s), best=0.677259(s)
tunePUpdateThreads: threads = 3, current_time = 0.848011 (s), best=0.677259(s)
tunePUpdateThreads: threads = 4, current_time = 0.69161 (s), best=0.677259(s)
tuneSUpdateThreads: threads = 1, current_time=0.458916 (s)
tuneSUpdateThreads: threads = 2, current_time = 0.720286 (s), best=0.458916(s)
tuneSUpdateThreads: threads = 3, current_time = 0.584598 (s), best=0.458916(s)
tuneSUpdateThreads: threads = 4, current_time = 0.498848 (s), best=0.458916(s)
tuneRXUpdateThreads: threads = 1, current_time=1.23001 (s)
tuneRXUpdateThreads: threads = 2, current_time = 1.63399 (s), best=1.23001(s)
tuneRXUpdateThreads: threads = 3, current_time = 1.41641 (s), best=1.23001(s)
tuneRXUpdateThreads: threads = 4, current_time = 1.15061 (s), best=1.23001(s)
TuningResults: 
	 zeroThreads=4 threads
	 copyThreads=1 threads
	 xmyThreads=1 threads
	 norm2Threads=4 threads
	 innerProductThreads=4 threads
	 pUpdateThreads=1 threads
	 sUpdateThreads=1 threads
	 rxUpdateThreads=4 threads
Solver iters=37
Solver Time=2.78969(s)
BICGSTAB GFLOPS=144.827
Solver iters=37
Solver Time=2.78617(s)
BICGSTAB GFLOPS=145.011
Solver iters=37
Solver Time=2.78103(s)
BICGSTAB GFLOPS=145.278
Solver iters=37
Solver Time=2.78683(s)
BICGSTAB GFLOPS=144.976
Solver iters=38
Solver Time=2.8549(s)
BICGSTAB GFLOPS=145.402
Cleaning up
