QMP IS INITIALIZED
Declared QMP Topology: 1 1 1 1
Launching TestCase
TIMING IN HALF PRECISION 
VECLEN=16 SOALEN=8
Global Lattice Size =  48 48 48 24
Local Lattice Size =  48 48 48 24
Block Sizes: By= 4 Bz=4
Cores = 60
SMT Grid: Sy=1 Sz=4
Pad Factors: PadXY=1 PadXYZ=0
Threads_per_core = 4
Initializing Dslash
Setting Up Blockinfo array: num_phases=4
Phase info set up
Precomputing offsets
WILL Use 12 compression
Initializing Fake Gauge Field:  17.0144 sec
Filling Input spinor:  4.25677 sec
Zeroing output spinor:  0.0257521 sec
Allocating Clover Term
Done
Filling Clover Term with junk
Done
Starting Timings
Timing on cb=0 isign=1
=============================
	 5 iterations in 3.352118e-02 seconds
	 6.704235e+03 usec/iteration
	 Performance: 361.061 GFLOPS total
	              361.061 GFLOPS / node
	 5 iterations in 2.902603e-02 seconds
	 5.805206e+03 usec/iteration
	 Performance: 416.977 GFLOPS total
	              416.977 GFLOPS / node
	 5 iterations in 2.926707e-02 seconds
	 5.853415e+03 usec/iteration
	 Performance: 413.543 GFLOPS total
	              413.543 GFLOPS / node
Timing on cb=1 isign=1
=============================
	 5 iterations in 2.948403e-02 seconds
	 5.896807e+03 usec/iteration
	 Performance: 410.5 GFLOPS total
	              410.5 GFLOPS / node
	 5 iterations in 2.938604e-02 seconds
	 5.877209e+03 usec/iteration
	 Performance: 411.869 GFLOPS total
	              411.869 GFLOPS / node
	 5 iterations in 2.916884e-02 seconds
	 5.833769e+03 usec/iteration
	 Performance: 414.935 GFLOPS total
	              414.935 GFLOPS / node
Timing on cb=0 isign=-1
=============================
	 5 iterations in 3.045416e-02 seconds
	 6.090832e+03 usec/iteration
	 Performance: 397.423 GFLOPS total
	              397.423 GFLOPS / node
	 5 iterations in 2.942896e-02 seconds
	 5.885792e+03 usec/iteration
	 Performance: 411.268 GFLOPS total
	              411.268 GFLOPS / node
	 5 iterations in 2.938795e-02 seconds
	 5.877590e+03 usec/iteration
	 Performance: 411.842 GFLOPS total
	              411.842 GFLOPS / node
Timing on cb=1 isign=-1
=============================
	 5 iterations in 2.932191e-02 seconds
	 5.864382e+03 usec/iteration
	 Performance: 412.769 GFLOPS total
	              412.769 GFLOPS / node
	 5 iterations in 2.916598e-02 seconds
	 5.833197e+03 usec/iteration
	 Performance: 414.976 GFLOPS total
	              414.976 GFLOPS / node
	 5 iterations in 2.906203e-02 seconds
	 5.812407e+03 usec/iteration
	 Performance: 416.46 GFLOPS total
	              416.46 GFLOPS / node
Creating EvenOdd Clover Op
Setting Up Blockinfo array: num_phases=4
Phase info set up
Precomputing offsets
WILL Use 12 compression
Timing M: isign=1
=============================
	 timing 0 of 3
	 5 iterations in 6.195498e-02 seconds
	 1.239100e+04 usec/iteration
	 Performance: 395.85 GFLOPS total
	              395.85 GFLOPS / node
	 timing 1 of 3
	 5 iterations in 6.070614e-02 seconds
	 1.214123e+04 usec/iteration
	 Performance: 403.993 GFLOPS total
	              403.993 GFLOPS / node
	 timing 2 of 3
	 5 iterations in 5.982304e-02 seconds
	 1.196461e+04 usec/iteration
	 Performance: 409.957 GFLOPS total
	              409.957 GFLOPS / node
Timing M: isign=-1
=============================
	 timing 0 of 3
	 5 iterations in 6.436586e-02 seconds
	 1.287317e+04 usec/iteration
	 Performance: 381.023 GFLOPS total
	              381.023 GFLOPS / node
	 timing 1 of 3
	 5 iterations in 6.031799e-02 seconds
	 1.206360e+04 usec/iteration
	 Performance: 406.593 GFLOPS total
	              406.593 GFLOPS / node
	 timing 2 of 3
	 5 iterations in 6.082582e-02 seconds
	 1.216516e+04 usec/iteration
	 Performance: 403.199 GFLOPS total
	              403.199 GFLOPS / node
Initializing CG Solver: Nvec=3 Ny=48 Nz=48 Nt=24
tuneCopyThreads: threads = 1, current_time=0.167295 (s)
tuneCopyThreads: threads = 2, current_time = 0.18361 (s), best=0.167295(s)
tuneCopyThreads: threads = 3, current_time = 0.207415 (s), best=0.167295(s)
tuneCopyThreads: threads = 4, current_time = 0.203118 (s), best=0.167295(s)
tuneAypxThreads: threads = 1, current_time=0.424465 (s)
tuneAypxThreads: threads = 2, current_time = 0.421588 (s), best=0.424465(s)
tuneAypxThreads: threads = 3, current_time = 0.366636 (s), best=0.421588(s)
tuneAypxThreads: threads = 4, current_time = 0.331221 (s), best=0.366636(s)
tuneNorm2Threads: threads = 1, current_time=0.265693 (s)
tuneNorm2Threads: threads = 2, current_time = 0.190704 (s), best=0.265693 (s)
tuneNorm2Threads: threads = 3, current_time = 0.184774 (s), best=0.190704 (s)
tuneNorm2Threads: threads = 4, current_time = 0.167676 (s), best=0.184774 (s)
tuneXmyNorm2Threads: threads = 1, current_time=0.456367 (s)
tuneXMYThreads: threads = 2, current_time = 0.348769 (s), best=0.456367(s)
tuneXMYThreads: threads = 3, current_time = 0.371757 (s), best=0.348769(s)
tuneXMYThreads: threads = 4, current_time = 0.347401 (s), best=0.348769(s)
tuneRXUpdateThreads: threads = 1, current_time=0.974776 (s)
tuneRXUpdateThreads: threads = 2, current_time = 0.949794 (s), best=0.974776(s)
tuneRXUpdateThreads: threads = 3, current_time = 0.877277 (s), best=0.949794(s)
tuneRXUpdateThreads: threads = 4, current_time = 0.809463 (s), best=0.877277(s)
TuningResults: 
	 copyThreads=1 threads
	 aypxThreads=4 threads
	 xmyNormThreads=4 threads
	 rmammpNorm2rxpapThreads=4 threads
	 norm2Threads=4 threads
Zeroing solution
Starting solver
Chi_sq=2.6544e+06 RsdTarget=0.0001
Solver iters=41
Solver Time=1.56235(s)
CG GFLOPS=278.619
Zeroing solution
Starting solver
Chi_sq=2.65036e+06 RsdTarget=0.0001
Solver iters=41
Solver Time=1.5648(s)
CG GFLOPS=278.184
Zeroing solution
Starting solver
Chi_sq=2.64911e+06 RsdTarget=0.0001
Solver iters=42
Solver Time=1.60107(s)
CG GFLOPS=278.208
Zeroing solution
Starting solver
Chi_sq=2.65417e+06 RsdTarget=0.0001
Solver iters=41
Solver Time=1.56475(s)
CG GFLOPS=278.192
Zeroing solution
Starting solver
Chi_sq=2.64803e+06 RsdTarget=0.0001
Solver iters=41
Solver Time=1.56538(s)
CG GFLOPS=278.08
tuneZeroThreads: threads = 1, current_time=0.248973 (s)
tuneZeroThreads: threads = 2, current_time = 0.195514 (s), best=0.248973(s)
tuneZeroThreads: threads = 3, current_time = 0.172738 (s), best=0.195514(s)
tuneZeroThreads: threads = 4, current_time = 0.156097 (s), best=0.172738(s)
tuneNorm2Threads: threads = 1, current_time=0.267784 (s)
tuneNorm2Threads: threads = 2, current_time = 0.190998 (s), best=0.267784 (s)
tuneNorm2Threads: threads = 3, current_time = 0.183993 (s), best=0.190998 (s)
tuneNorm2Threads: threads = 4, current_time = 0.168468 (s), best=0.183993 (s)
tuneXMYThreads: threads = 1, current_time=0.414184 (s)
tuneXMYThreads: threads = 2, current_time = 0.406595 (s), best=0.414184(s)
tuneXMYThreads: threads = 3, current_time = 0.360906 (s), best=0.406595(s)
tuneXMYThreads: threads = 4, current_time = 0.331174 (s), best=0.360906(s)
tuneCopyThreads: threads = 1, current_time=0.167929 (s)
tuneCopyThreads: threads = 2, current_time = 0.182177 (s), best=0.167929(s)
tuneCopyThreads: threads = 3, current_time = 0.210584 (s), best=0.167929(s)
tuneCopyThreads: threads = 4, current_time = 0.205972 (s), best=0.167929(s)
tuneInnerProductThreads: threads = 1, current_time=0.230319 (s)
tuneInnerProductThreads: threads = 2, current_time = 0.179471 (s), best=0.230319(s)
tuneInnerProductThreads: threads = 3, current_time = 0.236274 (s), best=0.179471(s)
tuneInnerProductThreads: threads = 4, current_time = 0.241586 (s), best=0.179471(s)
tunePUpdateThreads: threads = 1, current_time=0.66889 (s)
tunePUpdateThreads: threads = 2, current_time = 0.593805 (s), best=0.66889(s)
tunePUpdateThreads: threads = 3, current_time = 0.552443 (s), best=0.593805(s)
tunePUpdateThreads: threads = 4, current_time = 0.504305 (s), best=0.552443(s)
tuneSUpdateThreads: threads = 1, current_time=0.472405 (s)
tuneSUpdateThreads: threads = 2, current_time = 0.447534 (s), best=0.472405(s)
tuneSUpdateThreads: threads = 3, current_time = 0.410447 (s), best=0.447534(s)
tuneSUpdateThreads: threads = 4, current_time = 0.369491 (s), best=0.410447(s)
tuneRXUpdateThreads: threads = 1, current_time=1.35428 (s)
tuneRXUpdateThreads: threads = 2, current_time = 1.07289 (s), best=1.35428(s)
tuneRXUpdateThreads: threads = 3, current_time = 0.963578 (s), best=1.07289(s)
tuneRXUpdateThreads: threads = 4, current_time = 0.885327 (s), best=0.963578(s)
TuningResults: 
	 zeroThreads=4 threads
	 copyThreads=1 threads
	 xmyThreads=4 threads
	 norm2Threads=4 threads
	 innerProductThreads=2 threads
	 pUpdateThreads=4 threads
	 sUpdateThreads=4 threads
	 rxUpdateThreads=4 threads
Solver iters=18
Solver Time=0.887294(s)
BICGSTAB GFLOPS=217.998
Solver iters=18
Solver Time=0.887322(s)
BICGSTAB GFLOPS=217.991
Solver iters=18
Solver Time=0.886443(s)
BICGSTAB GFLOPS=218.207
Solver iters=18
Solver Time=0.885518(s)
BICGSTAB GFLOPS=218.435
Solver iters=17
Solver Time=0.836986(s)
BICGSTAB GFLOPS=217.858
Cleaning up
