QMP IS INITIALIZED
Declared QMP Topology: 1 1 1 3
Launching TestCase
TIMING IN HALF PRECISION 
VECLEN=16 SOALEN=8
Global Lattice Size =  48 48 48 72
Local Lattice Size =  48 48 48 24
Block Sizes: By= 4 Bz=4
Cores = 60
SMT Grid: Sy=1 Sz=4
Pad Factors: PadXY=1 PadXYZ=0
Threads_per_core = 4
Initializing Dslash
Setting Up Blockinfo array: num_phases=4
Phase info set up
Precomputing offsets
WILL Use 12 compression
Initializing Fake Gauge Field:  17.0112 sec
Filling Input spinor:  4.2551 sec
Zeroing output spinor:  0.025393 sec
Allocating Clover Term
Done
Filling Clover Term with junk
Done
Starting Timings
Timing on cb=0 isign=1
=============================
	 5 iterations in 9.877427e-01 seconds
	 1.975485e+05 usec/iteration
	 Performance: 36.7601 GFLOPS total
	              12.2534 GFLOPS / node
	 5 iterations in 4.178095e-02 seconds
	 8.356190e+03 usec/iteration
	 Performance: 869.046 GFLOPS total
	              289.682 GFLOPS / node
	 5 iterations in 4.248897e-02 seconds
	 8.497794e+03 usec/iteration
	 Performance: 854.564 GFLOPS total
	              284.855 GFLOPS / node
Timing on cb=1 isign=1
=============================
	 5 iterations in 4.232693e-02 seconds
	 8.465385e+03 usec/iteration
	 Performance: 857.836 GFLOPS total
	              285.945 GFLOPS / node
	 5 iterations in 4.161620e-02 seconds
	 8.323240e+03 usec/iteration
	 Performance: 872.486 GFLOPS total
	              290.829 GFLOPS / node
	 5 iterations in 4.193870e-02 seconds
	 8.387740e+03 usec/iteration
	 Performance: 865.777 GFLOPS total
	              288.592 GFLOPS / node
Timing on cb=0 isign=-1
=============================
	 5 iterations in 4.889536e-02 seconds
	 9.779072e+03 usec/iteration
	 Performance: 742.597 GFLOPS total
	              247.532 GFLOPS / node
	 5 iterations in 4.256193e-02 seconds
	 8.512386e+03 usec/iteration
	 Performance: 853.1 GFLOPS total
	              284.367 GFLOPS / node
	 5 iterations in 4.229991e-02 seconds
	 8.459981e+03 usec/iteration
	 Performance: 858.384 GFLOPS total
	              286.128 GFLOPS / node
Timing on cb=1 isign=-1
=============================
	 5 iterations in 4.262368e-02 seconds
	 8.524736e+03 usec/iteration
	 Performance: 851.864 GFLOPS total
	              283.955 GFLOPS / node
	 5 iterations in 4.271324e-02 seconds
	 8.542649e+03 usec/iteration
	 Performance: 850.077 GFLOPS total
	              283.359 GFLOPS / node
	 5 iterations in 4.246632e-02 seconds
	 8.493265e+03 usec/iteration
	 Performance: 855.02 GFLOPS total
	              285.007 GFLOPS / node
Creating EvenOdd Clover Op
Setting Up Blockinfo array: num_phases=4
Phase info set up
Precomputing offsets
WILL Use 12 compression
Timing M: isign=1
=============================
	 timing 0 of 3
	 5 iterations in 2.651127e-01 seconds
	 5.302254e+04 usec/iteration
	 Performance: 277.522 GFLOPS total
	              92.5074 GFLOPS / node
	 timing 1 of 3
	 5 iterations in 8.657773e-02 seconds
	 1.731555e+04 usec/iteration
	 Performance: 849.81 GFLOPS total
	              283.27 GFLOPS / node
	 timing 2 of 3
	 5 iterations in 8.573961e-02 seconds
	 1.714792e+04 usec/iteration
	 Performance: 858.117 GFLOPS total
	              286.039 GFLOPS / node
Timing M: isign=-1
=============================
	 timing 0 of 3
	 5 iterations in 9.162331e-02 seconds
	 1.832466e+04 usec/iteration
	 Performance: 803.012 GFLOPS total
	              267.671 GFLOPS / node
	 timing 1 of 3
	 5 iterations in 8.550898e-02 seconds
	 1.710180e+04 usec/iteration
	 Performance: 860.432 GFLOPS total
	              286.811 GFLOPS / node
	 timing 2 of 3
	 5 iterations in 8.585596e-02 seconds
	 1.717119e+04 usec/iteration
	 Performance: 856.954 GFLOPS total
	              285.651 GFLOPS / node
Initializing CG Solver: Nvec=3 Ny=48 Nz=48 Nt=24
tuneCopyThreads: threads = 1, current_time=0.167781 (s)
tuneCopyThreads: threads = 2, current_time = 0.182907 (s), best=0.167781(s)
tuneCopyThreads: threads = 3, current_time = 0.209156 (s), best=0.167781(s)
tuneCopyThreads: threads = 4, current_time = 0.204824 (s), best=0.167781(s)
tuneAypxThreads: threads = 1, current_time=0.420364 (s)
tuneAypxThreads: threads = 2, current_time = 0.422487 (s), best=0.420364(s)
tuneAypxThreads: threads = 3, current_time = 0.367145 (s), best=0.420364(s)
tuneAypxThreads: threads = 4, current_time = 0.332894 (s), best=0.367145(s)
tuneNorm2Threads: threads = 1, current_time=0.422047 (s)
tuneNorm2Threads: threads = 2, current_time = 0.22238 (s), best=0.422047 (s)
tuneNorm2Threads: threads = 3, current_time = 0.223903 (s), best=0.22238 (s)
tuneNorm2Threads: threads = 4, current_time = 0.200759 (s), best=0.22238 (s)
tuneXmyNorm2Threads: threads = 1, current_time=0.507645 (s)
tuneXMYThreads: threads = 2, current_time = 0.391867 (s), best=0.507645(s)
tuneXMYThreads: threads = 3, current_time = 0.418462 (s), best=0.391867(s)
tuneXMYThreads: threads = 4, current_time = 0.397263 (s), best=0.391867(s)
tuneRXUpdateThreads: threads = 1, current_time=1.02338 (s)
tuneRXUpdateThreads: threads = 2, current_time = 1.00866 (s), best=1.02338(s)
tuneRXUpdateThreads: threads = 3, current_time = 0.936157 (s), best=1.00866(s)
tuneRXUpdateThreads: threads = 4, current_time = 0.861427 (s), best=0.936157(s)
TuningResults: 
	 copyThreads=1 threads
	 aypxThreads=4 threads
	 xmyNormThreads=2 threads
	 rmammpNorm2rxpapThreads=4 threads
	 norm2Threads=4 threads
Zeroing solution
Starting solver
Chi_sq=7.95461e+06 RsdTarget=0.0001
Solver iters=41
Solver Time=2.202(s)
CG GFLOPS=593.052
Zeroing solution
Starting solver
Chi_sq=7.96089e+06 RsdTarget=0.0001
Solver iters=40
Solver Time=2.14647(s)
CG GFLOPS=594.24
Zeroing solution
Starting solver
Chi_sq=7.96809e+06 RsdTarget=0.0001
Solver iters=42
Solver Time=2.23806(s)
CG GFLOPS=597.073
Zeroing solution
Starting solver
Chi_sq=7.9562e+06 RsdTarget=0.0001
Solver iters=40
Solver Time=2.14566(s)
CG GFLOPS=594.463
Zeroing solution
Starting solver
Chi_sq=7.96677e+06 RsdTarget=0.0001
Solver iters=42
Solver Time=2.24036(s)
CG GFLOPS=596.461
tuneZeroThreads: threads = 1, current_time=0.249806 (s)
tuneZeroThreads: threads = 2, current_time = 0.195822 (s), best=0.249806(s)
tuneZeroThreads: threads = 3, current_time = 0.173894 (s), best=0.195822(s)
tuneZeroThreads: threads = 4, current_time = 0.155409 (s), best=0.173894(s)
tuneNorm2Threads: threads = 1, current_time=0.346947 (s)
tuneNorm2Threads: threads = 2, current_time = 0.220666 (s), best=0.346947 (s)
tuneNorm2Threads: threads = 3, current_time = 0.218379 (s), best=0.220666 (s)
tuneNorm2Threads: threads = 4, current_time = 0.200219 (s), best=0.218379 (s)
tuneXMYThreads: threads = 1, current_time=0.410996 (s)
tuneXMYThreads: threads = 2, current_time = 0.408338 (s), best=0.410996(s)
tuneXMYThreads: threads = 3, current_time = 0.360981 (s), best=0.408338(s)
tuneXMYThreads: threads = 4, current_time = 0.330624 (s), best=0.360981(s)
tuneCopyThreads: threads = 1, current_time=0.167727 (s)
tuneCopyThreads: threads = 2, current_time = 0.180246 (s), best=0.167727(s)
tuneCopyThreads: threads = 3, current_time = 0.207209 (s), best=0.167727(s)
tuneCopyThreads: threads = 4, current_time = 0.203094 (s), best=0.167727(s)
tuneInnerProductThreads: threads = 1, current_time=0.348295 (s)
tuneInnerProductThreads: threads = 2, current_time = 0.210733 (s), best=0.348295(s)
tuneInnerProductThreads: threads = 3, current_time = 0.272934 (s), best=0.210733(s)
tuneInnerProductThreads: threads = 4, current_time = 0.278872 (s), best=0.210733(s)
tunePUpdateThreads: threads = 1, current_time=0.667281 (s)
tunePUpdateThreads: threads = 2, current_time = 0.592321 (s), best=0.667281(s)
tunePUpdateThreads: threads = 3, current_time = 0.552692 (s), best=0.592321(s)
tunePUpdateThreads: threads = 4, current_time = 0.502693 (s), best=0.552692(s)
tuneSUpdateThreads: threads = 1, current_time=0.472259 (s)
tuneSUpdateThreads: threads = 2, current_time = 0.44678 (s), best=0.472259(s)
tuneSUpdateThreads: threads = 3, current_time = 0.407714 (s), best=0.44678(s)
tuneSUpdateThreads: threads = 4, current_time = 0.369368 (s), best=0.407714(s)
tuneRXUpdateThreads: threads = 1, current_time=1.43316 (s)
tuneRXUpdateThreads: threads = 2, current_time = 1.14243 (s), best=1.43316(s)
tuneRXUpdateThreads: threads = 3, current_time = 1.02366 (s), best=1.14243(s)
tuneRXUpdateThreads: threads = 4, current_time = 0.945192 (s), best=1.02366(s)
TuningResults: 
	 zeroThreads=4 threads
	 copyThreads=1 threads
	 xmyThreads=4 threads
	 norm2Threads=4 threads
	 innerProductThreads=2 threads
	 pUpdateThreads=4 threads
	 sUpdateThreads=4 threads
	 rxUpdateThreads=4 threads
Solver iters=17
Solver Time=1.21222(s)
BICGSTAB GFLOPS=451.264
Solver iters=19
Solver Time=1.33801(s)
BICGSTAB GFLOPS=458.543
Solver iters=19
Solver Time=1.33383(s)
BICGSTAB GFLOPS=459.982
Solver iters=18
Solver Time=1.27402(s)
BICGSTAB GFLOPS=455.474
Solver iters=18
Solver Time=1.27023(s)
BICGSTAB GFLOPS=456.833
Cleaning up
