QMP IS INITIALIZED
Declared QMP Topology: 1 1 1 4
Launching TestCase
TIMING IN HALF PRECISION 
VECLEN=16 SOALEN=8
Global Lattice Size =  48 48 48 96
Local Lattice Size =  48 48 48 24
Block Sizes: By= 4 Bz=4
Cores = 60
SMT Grid: Sy=1 Sz=4
Pad Factors: PadXY=1 PadXYZ=0
Threads_per_core = 4
Initializing Dslash
Setting Up Blockinfo array: num_phases=4
Phase info set up
Precomputing offsets
WILL Use 12 compression
Initializing Fake Gauge Field:  16.3083 sec
Filling Input spinor:  4.07956 sec
Zeroing output spinor:  0.0241601 sec
Allocating Clover Term
Done
Filling Clover Term with junk
Done
Starting Timings
Timing on cb=0 isign=1
=============================
	 5 iterations in 9.054275e-01 seconds
	 1.810855e+05 usec/iteration
	 Performance: 53.4695 GFLOPS total
	              13.3674 GFLOPS / node
	 5 iterations in 4.207581e-02 seconds
	 8.415163e+03 usec/iteration
	 Performance: 1150.61 GFLOPS total
	              287.652 GFLOPS / node
	 5 iterations in 4.214525e-02 seconds
	 8.429050e+03 usec/iteration
	 Performance: 1148.71 GFLOPS total
	              287.178 GFLOPS / node
Timing on cb=1 isign=1
=============================
	 5 iterations in 4.324234e-02 seconds
	 8.648467e+03 usec/iteration
	 Performance: 1119.57 GFLOPS total
	              279.892 GFLOPS / node
	 5 iterations in 4.242826e-02 seconds
	 8.485651e+03 usec/iteration
	 Performance: 1141.05 GFLOPS total
	              285.262 GFLOPS / node
	 5 iterations in 4.220372e-02 seconds
	 8.440745e+03 usec/iteration
	 Performance: 1147.12 GFLOPS total
	              286.78 GFLOPS / node
Timing on cb=0 isign=-1
=============================
	 5 iterations in 5.088472e-02 seconds
	 1.017694e+04 usec/iteration
	 Performance: 951.42 GFLOPS total
	              237.855 GFLOPS / node
	 5 iterations in 4.292154e-02 seconds
	 8.584309e+03 usec/iteration
	 Performance: 1127.94 GFLOPS total
	              281.984 GFLOPS / node
	 5 iterations in 4.230744e-02 seconds
	 8.461487e+03 usec/iteration
	 Performance: 1144.31 GFLOPS total
	              286.077 GFLOPS / node
Timing on cb=1 isign=-1
=============================
	 5 iterations in 4.399616e-02 seconds
	 8.799231e+03 usec/iteration
	 Performance: 1100.39 GFLOPS total
	              275.097 GFLOPS / node
	 5 iterations in 4.299653e-02 seconds
	 8.599305e+03 usec/iteration
	 Performance: 1125.97 GFLOPS total
	              281.492 GFLOPS / node
	 5 iterations in 4.272765e-02 seconds
	 8.545530e+03 usec/iteration
	 Performance: 1133.05 GFLOPS total
	              283.264 GFLOPS / node
Creating EvenOdd Clover Op
Setting Up Blockinfo array: num_phases=4
Phase info set up
Precomputing offsets
WILL Use 12 compression
Timing M: isign=1
=============================
	 timing 0 of 3
	 5 iterations in 2.652388e-01 seconds
	 5.304775e+04 usec/iteration
	 Performance: 369.854 GFLOPS total
	              92.4634 GFLOPS / node
	 timing 1 of 3
	 5 iterations in 8.605528e-02 seconds
	 1.721106e+04 usec/iteration
	 Performance: 1139.96 GFLOPS total
	              284.99 GFLOPS / node
	 timing 2 of 3
	 5 iterations in 8.713794e-02 seconds
	 1.742759e+04 usec/iteration
	 Performance: 1125.8 GFLOPS total
	              281.449 GFLOPS / node
Timing M: isign=-1
=============================
	 timing 0 of 3
	 5 iterations in 8.989096e-02 seconds
	 1.797819e+04 usec/iteration
	 Performance: 1091.32 GFLOPS total
	              272.829 GFLOPS / node
	 timing 1 of 3
	 5 iterations in 8.616126e-02 seconds
	 1.723225e+04 usec/iteration
	 Performance: 1138.56 GFLOPS total
	              284.639 GFLOPS / node
	 timing 2 of 3
	 5 iterations in 8.574045e-02 seconds
	 1.714809e+04 usec/iteration
	 Performance: 1144.15 GFLOPS total
	              286.036 GFLOPS / node
Initializing CG Solver: Nvec=3 Ny=48 Nz=48 Nt=24
tuneCopyThreads: threads = 1, current_time=0.165697 (s)
tuneCopyThreads: threads = 2, current_time = 0.18141 (s), best=0.165697(s)
tuneCopyThreads: threads = 3, current_time = 0.206801 (s), best=0.165697(s)
tuneCopyThreads: threads = 4, current_time = 0.20139 (s), best=0.165697(s)
tuneAypxThreads: threads = 1, current_time=0.425203 (s)
tuneAypxThreads: threads = 2, current_time = 0.421975 (s), best=0.425203(s)
tuneAypxThreads: threads = 3, current_time = 0.367587 (s), best=0.421975(s)
tuneAypxThreads: threads = 4, current_time = 0.331147 (s), best=0.367587(s)
tuneNorm2Threads: threads = 1, current_time=0.447938 (s)
tuneNorm2Threads: threads = 2, current_time = 0.239399 (s), best=0.447938 (s)
tuneNorm2Threads: threads = 3, current_time = 0.236503 (s), best=0.239399 (s)
tuneNorm2Threads: threads = 4, current_time = 0.212293 (s), best=0.236503 (s)
tuneXmyNorm2Threads: threads = 1, current_time=0.518371 (s)
tuneXMYThreads: threads = 2, current_time = 0.403046 (s), best=0.518371(s)
tuneXMYThreads: threads = 3, current_time = 0.436714 (s), best=0.403046(s)
tuneXMYThreads: threads = 4, current_time = 0.411787 (s), best=0.403046(s)
tuneRXUpdateThreads: threads = 1, current_time=1.0231 (s)
tuneRXUpdateThreads: threads = 2, current_time = 1.0086 (s), best=1.0231(s)
tuneRXUpdateThreads: threads = 3, current_time = 0.941917 (s), best=1.0086(s)
tuneRXUpdateThreads: threads = 4, current_time = 0.869909 (s), best=0.941917(s)
TuningResults: 
	 copyThreads=1 threads
	 aypxThreads=4 threads
	 xmyNormThreads=2 threads
	 rmammpNorm2rxpapThreads=4 threads
	 norm2Threads=4 threads
Zeroing solution
Starting solver
Chi_sq=1.06016e+07 RsdTarget=0.0001
Solver iters=40
Solver Time=2.30971(s)
CG GFLOPS=736.322
Zeroing solution
Starting solver
Chi_sq=1.06117e+07 RsdTarget=0.0001
Solver iters=41
Solver Time=2.35644(s)
CG GFLOPS=738.913
Zeroing solution
Starting solver
Chi_sq=1.06162e+07 RsdTarget=0.0001
Solver iters=40
Solver Time=2.30527(s)
CG GFLOPS=737.739
Zeroing solution
Starting solver
Chi_sq=1.06179e+07 RsdTarget=0.0001
Solver iters=43
Solver Time=2.45477(s)
CG GFLOPS=742.323
Zeroing solution
Starting solver
Chi_sq=1.0623e+07 RsdTarget=0.0001
Solver iters=42
Solver Time=2.40471(s)
CG GFLOPS=740.927
tuneZeroThreads: threads = 1, current_time=0.250057 (s)
tuneZeroThreads: threads = 2, current_time = 0.195725 (s), best=0.250057(s)
tuneZeroThreads: threads = 3, current_time = 0.172481 (s), best=0.195725(s)
tuneZeroThreads: threads = 4, current_time = 0.154873 (s), best=0.172481(s)
tuneNorm2Threads: threads = 1, current_time=0.371196 (s)
tuneNorm2Threads: threads = 2, current_time = 0.239159 (s), best=0.371196 (s)
tuneNorm2Threads: threads = 3, current_time = 0.231926 (s), best=0.239159 (s)
tuneNorm2Threads: threads = 4, current_time = 0.214811 (s), best=0.231926 (s)
tuneXMYThreads: threads = 1, current_time=0.413291 (s)
tuneXMYThreads: threads = 2, current_time = 0.408326 (s), best=0.413291(s)
tuneXMYThreads: threads = 3, current_time = 0.360643 (s), best=0.408326(s)
tuneXMYThreads: threads = 4, current_time = 0.330792 (s), best=0.360643(s)
tuneCopyThreads: threads = 1, current_time=0.170441 (s)
tuneCopyThreads: threads = 2, current_time = 0.184305 (s), best=0.170441(s)
tuneCopyThreads: threads = 3, current_time = 0.20977 (s), best=0.170441(s)
tuneCopyThreads: threads = 4, current_time = 0.205656 (s), best=0.170441(s)
tuneInnerProductThreads: threads = 1, current_time=0.368817 (s)
tuneInnerProductThreads: threads = 2, current_time = 0.22596 (s), best=0.368817(s)
tuneInnerProductThreads: threads = 3, current_time = 0.289837 (s), best=0.22596(s)
tuneInnerProductThreads: threads = 4, current_time = 0.298061 (s), best=0.22596(s)
tunePUpdateThreads: threads = 1, current_time=0.666645 (s)
tunePUpdateThreads: threads = 2, current_time = 0.591722 (s), best=0.666645(s)
tunePUpdateThreads: threads = 3, current_time = 0.552537 (s), best=0.591722(s)
tunePUpdateThreads: threads = 4, current_time = 0.503794 (s), best=0.552537(s)
tuneSUpdateThreads: threads = 1, current_time=0.474236 (s)
tuneSUpdateThreads: threads = 2, current_time = 0.44463 (s), best=0.474236(s)
tuneSUpdateThreads: threads = 3, current_time = 0.410272 (s), best=0.44463(s)
tuneSUpdateThreads: threads = 4, current_time = 0.368477 (s), best=0.410272(s)
tuneRXUpdateThreads: threads = 1, current_time=1.48181 (s)
tuneRXUpdateThreads: threads = 2, current_time = 1.15275 (s), best=1.48181(s)
tuneRXUpdateThreads: threads = 3, current_time = 1.02935 (s), best=1.15275(s)
tuneRXUpdateThreads: threads = 4, current_time = 0.947718 (s), best=1.02935(s)
TuningResults: 
	 zeroThreads=4 threads
	 copyThreads=1 threads
	 xmyThreads=4 threads
	 norm2Threads=4 threads
	 innerProductThreads=2 threads
	 pUpdateThreads=4 threads
	 sUpdateThreads=4 threads
	 rxUpdateThreads=4 threads
Solver iters=17
Solver Time=1.3627(s)
BICGSTAB GFLOPS=535.244
Solver iters=17
Solver Time=1.36528(s)
BICGSTAB GFLOPS=534.232
Solver iters=20
Solver Time=1.54669(s)
BICGSTAB GFLOPS=557.568
Solver iters=17
Solver Time=1.362(s)
BICGSTAB GFLOPS=535.518
Solver iters=18
Solver Time=1.42553(s)
BICGSTAB GFLOPS=542.753
Cleaning up
