running the following test:
prec    prec_sloppy   multishift  matpc_type  recon  recon_sloppy S_dimension T_dimension Ls_dimension   dslash_type  normalization
double     half          0        even_even     18     18          32/ 32/ 32      64         16               clover     kappa
Grid partition info:     X  Y  Z  T
                         0  0  0  0
QUDA 0.7.1 (git v0.7.1-0-g050e31d-dirty)
Found device 0: Tesla K20X
Using device 0: Tesla K20X
WARNING: Failed to determine NUMA affinity for device 0 (possibly not applicable)
Loaded 46 sets of cached parameters from .//tunecache.tsv
Creating a DiracCloverPC operator
Creating a DiracCloverPC operator
Creating a DiracCloverPC operator
Source: CPU = 8.38894e+06, CUDA copy = 8.38894e+06
Solution: CPU = 0, CUDA copy = 0
Prepared source = 8.38894e+06
Prepared solution = 0
Prepared source post mass rescale = 8.38894e+06
Creating a CG solver
CG: 0 iterations, <r,r> = 6.942328e+06, |r|/|b| = 1.000000e+00
CG: 1 iterations, <r,r> = 1.115929e+06, |r|/|b| = 4.009273e-01
CG: 2 iterations, <r,r> = 2.593891e+05, |r|/|b| = 1.932962e-01
CG: 3 iterations, <r,r> = 3.947107e+04, |r|/|b| = 7.540270e-02
CG: 4 iterations, <r,r> = 5.394998e+03, |r|/|b| = 2.787681e-02
CG: 5 iterations, <r,r> = 7.931154e+02, |r|/|b| = 1.068847e-02
CG: 6 iterations, <r,r> = 1.437723e+02, |r|/|b| = 4.550772e-03
CG: 7 iterations, <r,r> = 3.581579e+01, |r|/|b| = 2.271353e-03
CG: 8 iterations, <r,r> = 1.100380e+01, |r|/|b| = 1.258980e-03
CG: 9 iterations, <r,r> = 3.306932e+00, |r|/|b| = 6.901763e-04
CG: 10 iterations, <r,r> = 9.219816e-01, |r|/|b| = 3.644253e-04
CG: 11 iterations, <r,r> = 2.635073e-01, |r|/|b| = 1.948246e-04
CG: 12 iterations, <r,r> = 7.832774e-02, |r|/|b| = 1.062197e-04
CG: 13 iterations, <r,r> = 2.313930e-02, |r|/|b| = 5.773279e-05
CG: 14 iterations, <r,r> = 6.804777e-03, |r|/|b| = 3.130793e-05
CG: 15 iterations, <r,r> = 2.026948e-03, |r|/|b| = 1.708711e-05
CG: 16 iterations, <r,r> = 5.979122e-04, |r|/|b| = 9.280388e-06
CG: 17 iterations, <r,r> = 1.737863e-04, |r|/|b| = 5.003285e-06
CG: 18 iterations, <r,r> = 5.145861e-05, |r|/|b| = 2.722554e-06
CG: 19 iterations, <r,r> = 1.554735e-05, |r|/|b| = 1.496496e-06
CG: 20 iterations, <r,r> = 4.610728e-06, |r|/|b| = 8.149523e-07
CG: 21 iterations, <r,r> = 1.340065e-06, |r|/|b| = 4.393497e-07
CG: 22 iterations, <r,r> = 3.967836e-07, |r|/|b| = 2.390696e-07
CG: 23 iterations, <r,r> = 1.198598e-07, |r|/|b| = 1.313966e-07
CG: 24 iterations, <r,r> = 3.572670e-08, |r|/|b| = 7.173711e-08
CG: Reliable updates = 7
CG: Convergence at 24 iterations, L2 relative residual: iterated = 7.173711e-08, true = 7.173711e-08
Solution = 1.30386e+07
Reconstructed: CUDA solution = 1.30386e+07, CPU copy = 1.30386e+07
Device memory used:
   Spinor: 0.937500 GiB
    Gauge: 1.000000 GiB
   Clover: 1.000000 GiB

Done: 24 iter / 1.14104 secs = 229.881 Gflops, total time = 5.77 secs
Residuals: (L2 relative) tol 1e-07, QUDA = 7.17371e-08, host = 8.71801e-08; (heavy-quark) tol 0, QUDA = 5.33306e-08

               initQuda Total time = 1.0852 secs

          loadGaugeQuda Total time = 1.19884 secs
              download     = 1.156333 secs (  96.5%), with        1 calls at 1.156333e+06 us per call
                  init     = 0.040503 secs (  3.38%), with        1 calls at 4.050300e+04 us per call
               compute     = 0.000510 secs (0.0425%), with        1 calls at 5.100000e+02 us per call
                  free     = 0.001493 secs ( 0.125%), with        1 calls at 1.493000e+03 us per call
     total accounted       = 1.198839 secs (   100%)
     total missing         = 0.000005 secs (0.000417%)

         loadCloverQuda Total time = 1.97816 secs
              download     = 1.954073 secs (  98.8%), with        1 calls at 1.954073e+06 us per call
                  init     = 0.002051 secs ( 0.104%), with        2 calls at 1.025500e+03 us per call
     total accounted       = 1.956124 secs (  98.9%)
     total missing         = 0.022041 secs (  1.11%)

             invertQuda Total time = 1.5219 secs
              download     = 0.034486 secs (  2.27%), with        1 calls at 3.448600e+04 us per call
                upload     = 0.038636 secs (  2.54%), with        1 calls at 3.863600e+04 us per call
                  init     = 0.082226 secs (   5.4%), with        1 calls at 8.222600e+04 us per call
              preamble     = 0.000001 secs (6.57e-05%), with        1 calls at 1.000000e+00 us per call
               compute     = 1.141039 secs (    75%), with        1 calls at 1.141039e+06 us per call
              epilogue     = 0.083419 secs (  5.48%), with        1 calls at 8.341900e+04 us per call
                  free     = 0.000508 secs (0.0334%), with        1 calls at 5.080000e+02 us per call
     total accounted       = 1.380315 secs (  90.7%)
     total missing         = 0.141585 secs (   9.3%)

                endQuda Total time = 0.271369 secs

Device memory used = 4867.0 MB
Page-locked host memory used = 1206.0 MB
Total host memory used >= 1353.0 MB

Application 5243323 resources: utime ~19s, stime ~3s, Rss ~5834832, inblocks ~246358, outblocks ~552592
