running the following test:
prec    recon   test_type     matpc_type   dagger   S_dim         T_dimension   Ls_dimension dslash_type    niter
single   18       0              even_even    0     32/ 32/ 32         64             16           clover   10
Grid partition info:     X  Y  Z  T
                         0  0  0  0
Randomizing fields... done.
QUDA 0.7.1 (git v0.7.1-0-g050e31d-dirty)
Found device 0: Tesla K20X
Using device 0: Tesla K20X
WARNING: Failed to determine NUMA affinity for device 0 (possibly not applicable)
WARNING: Environment variable QUDA_RESOURCE_PATH is not set.
WARNING: Caching of tuned parameters will be disabled.
Sending gauge field to GPU
Sending clover field to GPU
Creating cudaSpinor
Creating cudaSpinorOut
Sending spinor field to GPU
Source: CPU = 8.390926e+06, CUDA = 8.390926e+06
Creating a DiracCloverPC operator

Spinor mem: 0.094 GiB
Gauge mem: 0.000 GiB
Calculating reference implementation...done.
Tuning...
Tuned block=(512,1,1), shared=12289 giving 232.66 Gflop/s, 208.17 GB/s for N4quda16CloverDslashCudaI6float4S1_S1_EE with type=interior,comm=0000,ghost=0000,reconstruct=18
Executing 10 kernel loops...
done.

Tuned block=(224,1,1), shared=43200 giving 0.00 Gflop/s, 48.16 GB/s for N4quda10PackSpinorIdfLi4ELi3ENS_21SpaceSpinorColorOrderIdLi4ELi3EEENS_11FloatNOrderIfLi4ELi3ELi4EEENS_8RelBasisIdfLi4ELi3EEEEE with out_stride=1048576,in_stride=1048576
8271.647990us per kernel call
GFLOPS = 231.223890
Tuned block=(224,1,1), grid=(219,1,1), shared=1792 giving 85.28 Gflop/s, 170.56 GB/s for N4quda5Norm2Id6float26float4EE with vol=1048576,stride=1048576,precision=4
Results: CPU = 214504937.387037, CUDA=214504930.071638, CPU-CUDA = 214504930.062057
[0;32m[==========] [mRunning 1 test from 1 test case.
[0;32m[----------] [mGlobal test environment set-up.
[0;32m[----------] [m1 test from dslash
[0;32m[ RUN      ] [mdslash.verify
0 fails = 0
1 fails = 0
2 fails = 0
3 fails = 0
4 fails = 0
5 fails = 0
6 fails = 0
7 fails = 0
8 fails = 0
9 fails = 0
10 fails = 0
11 fails = 0
12 fails = 0
13 fails = 0
14 fails = 0
15 fails = 0
16 fails = 0
17 fails = 0
18 fails = 0
19 fails = 0
20 fails = 0
21 fails = 0
22 fails = 0
23 fails = 0
1.000000e-01 Failures: 0 / 25165824  = 0.000000e+00
1.000000e-02 Failures: 0 / 25165824  = 0.000000e+00
1.000000e-03 Failures: 0 / 25165824  = 0.000000e+00
1.000000e-04 Failures: 0 / 25165824  = 0.000000e+00
1.000000e-05 Failures: 0 / 25165824  = 0.000000e+00
1.000000e-06 Failures: 13034 / 25165824  = 5.179246e-04
1.000000e-07 Failures: 15871874 / 25165824  = 6.306916e-01
1.000000e-08 Failures: 24193763 / 25165824  = 9.613738e-01
1.000000e-09 Failures: 25068181 / 25165824  = 9.961200e-01
1.000000e-10 Failures: 25155989 / 25165824  = 9.996092e-01
1.000000e-11 Failures: 25164842 / 25165824  = 9.999610e-01
1.000000e-12 Failures: 25165724 / 25165824  = 9.999960e-01
1.000000e-13 Failures: 25165811 / 25165824  = 9.999995e-01
1.000000e-14 Failures: 25165823 / 25165824  = 1.000000e+00
1.000000e-15 Failures: 25165824 / 25165824  = 1.000000e+00
1.000000e-16 Failures: 25165824 / 25165824  = 1.000000e+00
[0;32m[       OK ] [mdslash.verify (19592 ms)
[0;32m[----------] [m1 test from dslash (19592 ms total)

[0;32m[----------] [mGlobal test environment tear-down
[0;32m[==========] [m1 test from 1 test case ran. (19592 ms total)
[0;32m[  PASSED  ] [m1 test.

               initQuda Total time = 1.06517 secs

          loadGaugeQuda Total time = 0.681254 secs
              download     = 0.639605 secs (  93.9%), with        1 calls at 6.396050e+05 us per call
                  init     = 0.040139 secs (  5.89%), with        1 calls at 4.013900e+04 us per call
               compute     = 0.000000 secs (     0%), with        1 calls at 0.000000e+00 us per call
                  free     = 0.001508 secs ( 0.221%), with        1 calls at 1.508000e+03 us per call
     total accounted       = 0.681252 secs (   100%)
     total missing         = 0.000002 secs (0.000294%)

         loadCloverQuda Total time = 2.38111 secs
              download     = 2.379712 secs (  99.9%), with        1 calls at 2.379712e+06 us per call
                  init     = 0.001255 secs (0.0527%), with        1 calls at 1.255000e+03 us per call
     total accounted       = 2.380967 secs (   100%)
     total missing         = 0.000139 secs (0.00584%)

                endQuda Total time = 0.227367 secs

Device memory used = 2340.0 MB
Page-locked host memory used = 612.0 MB
Total host memory used >= 1495.5 MB

Application 5242090 resources: utime ~58s, stime ~2s, Rss ~4603948, inblocks ~246620, outblocks ~553170
