running the following test:
prec    recon   test_type     matpc_type   dagger   S_dim         T_dimension   Ls_dimension dslash_type    niter
  half   18       0              even_even    0     32/ 32/ 32         64             16           clover   10
Grid partition info:     X  Y  Z  T
                         0  0  0  0
Randomizing fields... done.
QUDA 0.7.1 (git v0.7.1-0-g050e31d-dirty)
Found device 0: Tesla K20X
Using device 0: Tesla K20X
WARNING: Failed to determine NUMA affinity for device 0 (possibly not applicable)
WARNING: Environment variable QUDA_RESOURCE_PATH is not set.
WARNING: Caching of tuned parameters will be disabled.
Sending gauge field to GPU
Sending clover field to GPU
Creating cudaSpinor
Creating cudaSpinorOut
Sending spinor field to GPU
Source: CPU = 8.390926e+06, CUDA = 8.390536e+06
Creating a DiracCloverPC operator

Spinor mem: 0.047 GiB
Gauge mem: 0.000 GiB
Calculating reference implementation...done.
Tuning...
Tuned block=(64,1,1), shared=0 giving 457.20 Gflop/s, 215.56 GB/s for N4quda16CloverDslashCudaI6short4S1_S1_EE with type=interior,comm=0000,ghost=0000,reconstruct=18
Executing 10 kernel loops...
done.

Tuned block=(224,1,1), shared=43200 giving 0.00 Gflop/s, 39.23 GB/s for N4quda10PackSpinorIdsLi4ELi3ENS_21SpaceSpinorColorOrderIdLi4ELi3EEENS_11FloatNOrderIsLi4ELi3ELi4EEENS_8RelBasisIdsLi4ELi3EEEEE with out_stride=1048576,in_stride=1048576
4193.513468us per kernel call
GFLOPS = 456.085962
Tuned block=(128,1,1), grid=(86,1,1), shared=1024 giving 156.81 Gflop/s, 169.88 GB/s for N4quda5Norm2Id6float26float4EE with vol=1048576,stride=1048576,precision=2
Results: CPU = 214504937.387037, CUDA=214468640.877568, CPU-CUDA = 214468640.565174
[0;32m[==========] [mRunning 1 test from 1 test case.
[0;32m[----------] [mGlobal test environment set-up.
[0;32m[----------] [m1 test from dslash
[0;32m[ RUN      ] [mdslash.verify
0 fails = 1
1 fails = 0
2 fails = 17
3 fails = 300
4 fails = 1
5 fails = 0
6 fails = 3
7 fails = 0
8 fails = 6
9 fails = 5
10 fails = 11
11 fails = 0
12 fails = 3
13 fails = 0
14 fails = 0
15 fails = 3
16 fails = 2
17 fails = 0
18 fails = 1
19 fails = 0
20 fails = 0
21 fails = 71
22 fails = 1
23 fails = 0
1.000000e-01 Failures: 0 / 25165824  = 0.000000e+00
1.000000e-02 Failures: 0 / 25165824  = 0.000000e+00
1.000000e-03 Failures: 425 / 25165824  = 1.688798e-05
1.000000e-04 Failures: 18235816 / 25165824  = 7.246262e-01
1.000000e-05 Failures: 24446553 / 25165824  = 9.714187e-01
1.000000e-06 Failures: 25093904 / 25165824  = 9.971422e-01
1.000000e-07 Failures: 25158771 / 25165824  = 9.997197e-01
1.000000e-08 Failures: 25165084 / 25165824  = 9.999706e-01
1.000000e-09 Failures: 25165735 / 25165824  = 9.999965e-01
1.000000e-10 Failures: 25165818 / 25165824  = 9.999998e-01
1.000000e-11 Failures: 25165824 / 25165824  = 1.000000e+00
1.000000e-12 Failures: 25165824 / 25165824  = 1.000000e+00
1.000000e-13 Failures: 25165824 / 25165824  = 1.000000e+00
1.000000e-14 Failures: 25165824 / 25165824  = 1.000000e+00
1.000000e-15 Failures: 25165824 / 25165824  = 1.000000e+00
1.000000e-16 Failures: 25165824 / 25165824  = 1.000000e+00
[0;32m[       OK ] [mdslash.verify (19562 ms)
[0;32m[----------] [m1 test from dslash (19562 ms total)

[0;32m[----------] [mGlobal test environment tear-down
[0;32m[==========] [m1 test from 1 test case ran. (19562 ms total)
[0;32m[  PASSED  ] [m1 test.

               initQuda Total time = 1.09437 secs

          loadGaugeQuda Total time = 0.574345 secs
              download     = 0.532834 secs (  92.8%), with        1 calls at 5.328340e+05 us per call
                  init     = 0.040013 secs (  6.97%), with        1 calls at 4.001300e+04 us per call
               compute     = 0.000000 secs (     0%), with        1 calls at 0.000000e+00 us per call
                  free     = 0.001494 secs (  0.26%), with        1 calls at 1.494000e+03 us per call
     total accounted       = 0.574341 secs (   100%)
     total missing         = 0.000004 secs (0.000696%)

         loadCloverQuda Total time = 2.4133 secs
              download     = 2.411935 secs (  99.9%), with        1 calls at 2.411935e+06 us per call
                  init     = 0.001231 secs ( 0.051%), with        1 calls at 1.231000e+03 us per call
     total accounted       = 2.413166 secs (   100%)
     total missing         = 0.000136 secs (0.00564%)

                endQuda Total time = 0.201313 secs

Device memory used = 1323.0 MB
Page-locked host memory used = 322.0 MB
Total host memory used >= 1205.5 MB

Application 5242098 resources: utime ~46s, stime ~2s, Rss ~4306892, inblocks ~246620, outblocks ~553170
